[2024-12-16 23:26:50] flarum.ERROR: Swift_TransportException: Failed to authenticate on SMTP server with username "hospitest0@gmail.com" using 3 possible authenticators. Authenticator LOGIN returned Expected response code 235 but got code "535", with message "535-5.7.8 Username and Password not accepted. For more information, go to
535 5.7.8  https://support.google.com/mail/?p=BadCredentials 4fb4d7f45d1cf-5d652ae128fsm3610848a12.46 - gsmtp
". Authenticator PLAIN returned Expected response code 235 but got code "535", with message "535-5.7.8 Username and Password not accepted. For more information, go to
535 5.7.8  https://support.google.com/mail/?p=BadCredentials 4fb4d7f45d1cf-5d652ae128fsm3610848a12.46 - gsmtp
". Authenticator XOAUTH2 returned Expected response code 250 but got code "535", with message "535-5.7.8 Username and Password not accepted. For more information, go to
535 5.7.8  https://support.google.com/mail/?p=BadCredentials 4fb4d7f45d1cf-5d652ae128fsm3610848a12.46 - gsmtp
". in /var/www/flarum/vendor/swiftmailer/swiftmailer/lib/classes/Swift/Transport/Esmtp/AuthHandler.php:191
Stack trace:
#0 /var/www/flarum/vendor/swiftmailer/swiftmailer/lib/classes/Swift/Transport/EsmtpTransport.php(371): Swift_Transport_Esmtp_AuthHandler->afterEhlo()
#1 /var/www/flarum/vendor/swiftmailer/swiftmailer/lib/classes/Swift/Transport/AbstractSmtpTransport.php(148): Swift_Transport_EsmtpTransport->doHeloCommand()
#2 /var/www/flarum/vendor/swiftmailer/swiftmailer/lib/classes/Swift/Mailer.php(65): Swift_Transport_AbstractSmtpTransport->start()
#3 /var/www/flarum/vendor/illuminate/mail/Mailer.php(521): Swift_Mailer->send()
#4 /var/www/flarum/vendor/illuminate/mail/Mailer.php(288): Illuminate\Mail\Mailer->sendSwiftMessage()
#5 /var/www/flarum/vendor/illuminate/mail/Mailer.php(212): Illuminate\Mail\Mailer->send()
#6 /var/www/flarum/vendor/flarum/core/src/Api/Controller/SendTestMailController.php(40): Illuminate\Mail\Mailer->raw()
#7 /var/www/flarum/vendor/flarum/core/src/Http/RouteHandlerFactory.php(41): Flarum\Api\Controller\SendTestMailController->handle()
#8 /var/www/flarum/vendor/flarum/core/src/Http/Middleware/ExecuteRoute.php(27): Flarum\Http\RouteHandlerFactory->Flarum\Http\{closure}()
#9 /var/www/flarum/vendor/laminas/laminas-stratigility/src/Next.php(52): Flarum\Http\Middleware\ExecuteRoute->process()
#10 /var/www/flarum/vendor/flarum/core/src/Api/Middleware/ThrottleApi.php(33): Laminas\Stratigility\Next->handle()
#11 /var/www/flarum/vendor/laminas/laminas-stratigility/src/Next.php(52): Flarum\Api\Middleware\ThrottleApi->process()
#12 /var/www/flarum/vendor/flarum/core/src/Http/Middleware/CheckCsrfToken.php(44): Laminas\Stratigility\Next->handle()
#13 /var/www/flarum/vendor/laminas/laminas-stratigility/src/Next.php(52): Flarum\Http\Middleware\CheckCsrfToken->process()
#14 /var/www/flarum/vendor/flarum/core/src/Http/Middleware/ResolveRoute.php(69): Laminas\Stratigility\Next->handle()
#15 /var/www/flarum/vendor/laminas/laminas-stratigility/src/Next.php(52): Flarum\Http\Middleware\ResolveRoute->process()
#16 /var/www/flarum/vendor/flarum/core/src/Http/Middleware/SetLocale.php(51): Laminas\Stratigility\Next->handle()
#17 /var/www/flarum/vendor/laminas/laminas-stratigility/src/Next.php(52): Flarum\Http\Middleware\SetLocale->process()
#18 /var/www/flarum/vendor/flarum/core/src/Http/Middleware/AuthenticateWithHeader.php(58): Laminas\Stratigility\Next->handle()
#19 /var/www/flarum/vendor/laminas/laminas-stratigility/src/Next.php(52): Flarum\Http\Middleware\AuthenticateWithHeader->process()
#20 /var/www/flarum/vendor/flarum/core/src/Http/Middleware/AuthenticateWithSession.php(31): Laminas\Stratigility\Next->handle()
#21 /var/www/flarum/vendor/laminas/laminas-stratigility/src/Next.php(52): Flarum\Http\Middleware\AuthenticateWithSession->process()
#22 /var/www/flarum/vendor/flarum/core/src/Http/Middleware/RememberFromCookie.php(52): Laminas\Stratigility\Next->handle()
#23 /var/www/flarum/vendor/laminas/laminas-stratigility/src/Next.php(52): Flarum\Http\Middleware\RememberFromCookie->process()
#24 /var/www/flarum/vendor/flarum/core/src/Http/Middleware/StartSession.php(61): Laminas\Stratigility\Next->handle()
#25 /var/www/flarum/vendor/laminas/laminas-stratigility/src/Next.php(52): Flarum\Http\Middleware\StartSession->process()
#26 /var/www/flarum/vendor/flarum/core/src/Api/Middleware/FakeHttpMethods.php(29): Laminas\Stratigility\Next->handle()
#27 /var/www/flarum/vendor/laminas/laminas-stratigility/src/Next.php(52): Flarum\Api\Middleware\FakeHttpMethods->process()
#28 /var/www/flarum/vendor/flarum/core/src/Http/Middleware/ParseJsonBody.php(28): Laminas\Stratigility\Next->handle()
#29 /var/www/flarum/vendor/laminas/laminas-stratigility/src/Next.php(52): Flarum\Http\Middleware\ParseJsonBody->process()
#30 /var/www/flarum/vendor/flarum/core/src/Http/Middleware/HandleErrors.php(57): Laminas\Stratigility\Next->handle()
#31 /var/www/flarum/vendor/laminas/laminas-stratigility/src/Next.php(52): Flarum\Http\Middleware\HandleErrors->process()
#32 /var/www/flarum/vendor/flarum/core/src/Http/Middleware/InjectActorReference.php(25): Laminas\Stratigility\Next->handle()
#33 /var/www/flarum/vendor/laminas/laminas-stratigility/src/Next.php(52): Flarum\Http\Middleware\InjectActorReference->process()
#34 /var/www/flarum/vendor/laminas/laminas-stratigility/src/MiddlewarePipe.php(81): Laminas\Stratigility\Next->handle()
#35 /var/www/flarum/vendor/middlewares/request-handler/src/RequestHandler.php(84): Laminas\Stratigility\MiddlewarePipe->process()
#36 /var/www/flarum/vendor/laminas/laminas-stratigility/src/Next.php(52): Middlewares\RequestHandler->process()
#37 /var/www/flarum/vendor/middlewares/base-path-router/src/BasePathRouter.php(99): Laminas\Stratigility\Next->handle()
#38 /var/www/flarum/vendor/laminas/laminas-stratigility/src/Next.php(52): Middlewares\BasePathRouter->process()
#39 /var/www/flarum/vendor/laminas/laminas-stratigility/src/Middleware/OriginalMessages.php(36): Laminas\Stratigility\Next->handle()
#40 /var/www/flarum/vendor/laminas/laminas-stratigility/src/Next.php(52): Laminas\Stratigility\Middleware\OriginalMessages->process()
#41 /var/www/flarum/vendor/middlewares/base-path/src/BasePath.php(73): Laminas\Stratigility\Next->handle()
#42 /var/www/flarum/vendor/laminas/laminas-stratigility/src/Next.php(52): Middlewares\BasePath->process()
#43 /var/www/flarum/vendor/flarum/core/src/Http/Middleware/ProcessIp.php(24): Laminas\Stratigility\Next->handle()
#44 /var/www/flarum/vendor/laminas/laminas-stratigility/src/Next.php(52): Flarum\Http\Middleware\ProcessIp->process()
#45 /var/www/flarum/vendor/laminas/laminas-stratigility/src/MiddlewarePipe.php(81): Laminas\Stratigility\Next->handle()
#46 /var/www/flarum/vendor/laminas/laminas-stratigility/src/MiddlewarePipe.php(70): Laminas\Stratigility\MiddlewarePipe->process()
#47 /var/www/flarum/vendor/laminas/laminas-httphandlerrunner/src/RequestHandlerRunner.php(73): Laminas\Stratigility\MiddlewarePipe->handle()
#48 /var/www/flarum/vendor/flarum/core/src/Http/Server.php(45): Laminas\HttpHandlerRunner\RequestHandlerRunner->run()
#49 /var/www/flarum/public/index.php(26): Flarum\Http\Server->listen()
#50 {main}  
[2024-12-16 23:27:10] flarum.ERROR: Swift_TransportException: Failed to authenticate on SMTP server with username "hospitest0@gmail.com" using 3 possible authenticators. Authenticator LOGIN returned Expected response code 235 but got code "535", with message "535-5.7.8 Username and Password not accepted. For more information, go to
535 5.7.8  https://support.google.com/mail/?p=BadCredentials 4fb4d7f45d1cf-5d652ab5198sm3625720a12.8 - gsmtp
". Authenticator PLAIN returned Expected response code 235 but got code "535", with message "535-5.7.8 Username and Password not accepted. For more information, go to
535 5.7.8  https://support.google.com/mail/?p=BadCredentials 4fb4d7f45d1cf-5d652ab5198sm3625720a12.8 - gsmtp
". Authenticator XOAUTH2 returned Expected response code 250 but got code "535", with message "535-5.7.8 Username and Password not accepted. For more information, go to
535 5.7.8  https://support.google.com/mail/?p=BadCredentials 4fb4d7f45d1cf-5d652ab5198sm3625720a12.8 - gsmtp
". in /var/www/flarum/vendor/swiftmailer/swiftmailer/lib/classes/Swift/Transport/Esmtp/AuthHandler.php:191
Stack trace:
#0 /var/www/flarum/vendor/swiftmailer/swiftmailer/lib/classes/Swift/Transport/EsmtpTransport.php(371): Swift_Transport_Esmtp_AuthHandler->afterEhlo()
#1 /var/www/flarum/vendor/swiftmailer/swiftmailer/lib/classes/Swift/Transport/AbstractSmtpTransport.php(148): Swift_Transport_EsmtpTransport->doHeloCommand()
#2 /var/www/flarum/vendor/swiftmailer/swiftmailer/lib/classes/Swift/Mailer.php(65): Swift_Transport_AbstractSmtpTransport->start()
#3 /var/www/flarum/vendor/illuminate/mail/Mailer.php(521): Swift_Mailer->send()
#4 /var/www/flarum/vendor/illuminate/mail/Mailer.php(288): Illuminate\Mail\Mailer->sendSwiftMessage()
#5 /var/www/flarum/vendor/illuminate/mail/Mailer.php(212): Illuminate\Mail\Mailer->send()
#6 /var/www/flarum/vendor/flarum/core/src/Api/Controller/SendTestMailController.php(40): Illuminate\Mail\Mailer->raw()
#7 /var/www/flarum/vendor/flarum/core/src/Http/RouteHandlerFactory.php(41): Flarum\Api\Controller\SendTestMailController->handle()
#8 /var/www/flarum/vendor/flarum/core/src/Http/Middleware/ExecuteRoute.php(27): Flarum\Http\RouteHandlerFactory->Flarum\Http\{closure}()
#9 /var/www/flarum/vendor/laminas/laminas-stratigility/src/Next.php(52): Flarum\Http\Middleware\ExecuteRoute->process()
#10 /var/www/flarum/vendor/flarum/core/src/Api/Middleware/ThrottleApi.php(33): Laminas\Stratigility\Next->handle()
#11 /var/www/flarum/vendor/laminas/laminas-stratigility/src/Next.php(52): Flarum\Api\Middleware\ThrottleApi->process()
#12 /var/www/flarum/vendor/flarum/core/src/Http/Middleware/CheckCsrfToken.php(44): Laminas\Stratigility\Next->handle()
#13 /var/www/flarum/vendor/laminas/laminas-stratigility/src/Next.php(52): Flarum\Http\Middleware\CheckCsrfToken->process()
#14 /var/www/flarum/vendor/flarum/core/src/Http/Middleware/ResolveRoute.php(69): Laminas\Stratigility\Next->handle()
#15 /var/www/flarum/vendor/laminas/laminas-stratigility/src/Next.php(52): Flarum\Http\Middleware\ResolveRoute->process()
#16 /var/www/flarum/vendor/flarum/core/src/Http/Middleware/SetLocale.php(51): Laminas\Stratigility\Next->handle()
#17 /var/www/flarum/vendor/laminas/laminas-stratigility/src/Next.php(52): Flarum\Http\Middleware\SetLocale->process()
#18 /var/www/flarum/vendor/flarum/core/src/Http/Middleware/AuthenticateWithHeader.php(58): Laminas\Stratigility\Next->handle()
#19 /var/www/flarum/vendor/laminas/laminas-stratigility/src/Next.php(52): Flarum\Http\Middleware\AuthenticateWithHeader->process()
#20 /var/www/flarum/vendor/flarum/core/src/Http/Middleware/AuthenticateWithSession.php(31): Laminas\Stratigility\Next->handle()
#21 /var/www/flarum/vendor/laminas/laminas-stratigility/src/Next.php(52): Flarum\Http\Middleware\AuthenticateWithSession->process()
#22 /var/www/flarum/vendor/flarum/core/src/Http/Middleware/RememberFromCookie.php(52): Laminas\Stratigility\Next->handle()
#23 /var/www/flarum/vendor/laminas/laminas-stratigility/src/Next.php(52): Flarum\Http\Middleware\RememberFromCookie->process()
#24 /var/www/flarum/vendor/flarum/core/src/Http/Middleware/StartSession.php(61): Laminas\Stratigility\Next->handle()
#25 /var/www/flarum/vendor/laminas/laminas-stratigility/src/Next.php(52): Flarum\Http\Middleware\StartSession->process()
#26 /var/www/flarum/vendor/flarum/core/src/Api/Middleware/FakeHttpMethods.php(29): Laminas\Stratigility\Next->handle()
#27 /var/www/flarum/vendor/laminas/laminas-stratigility/src/Next.php(52): Flarum\Api\Middleware\FakeHttpMethods->process()
#28 /var/www/flarum/vendor/flarum/core/src/Http/Middleware/ParseJsonBody.php(28): Laminas\Stratigility\Next->handle()
#29 /var/www/flarum/vendor/laminas/laminas-stratigility/src/Next.php(52): Flarum\Http\Middleware\ParseJsonBody->process()
#30 /var/www/flarum/vendor/flarum/core/src/Http/Middleware/HandleErrors.php(57): Laminas\Stratigility\Next->handle()
#31 /var/www/flarum/vendor/laminas/laminas-stratigility/src/Next.php(52): Flarum\Http\Middleware\HandleErrors->process()
#32 /var/www/flarum/vendor/flarum/core/src/Http/Middleware/InjectActorReference.php(25): Laminas\Stratigility\Next->handle()
#33 /var/www/flarum/vendor/laminas/laminas-stratigility/src/Next.php(52): Flarum\Http\Middleware\InjectActorReference->process()
#34 /var/www/flarum/vendor/laminas/laminas-stratigility/src/MiddlewarePipe.php(81): Laminas\Stratigility\Next->handle()
#35 /var/www/flarum/vendor/middlewares/request-handler/src/RequestHandler.php(84): Laminas\Stratigility\MiddlewarePipe->process()
#36 /var/www/flarum/vendor/laminas/laminas-stratigility/src/Next.php(52): Middlewares\RequestHandler->process()
#37 /var/www/flarum/vendor/middlewares/base-path-router/src/BasePathRouter.php(99): Laminas\Stratigility\Next->handle()
#38 /var/www/flarum/vendor/laminas/laminas-stratigility/src/Next.php(52): Middlewares\BasePathRouter->process()
#39 /var/www/flarum/vendor/laminas/laminas-stratigility/src/Middleware/OriginalMessages.php(36): Laminas\Stratigility\Next->handle()
#40 /var/www/flarum/vendor/laminas/laminas-stratigility/src/Next.php(52): Laminas\Stratigility\Middleware\OriginalMessages->process()
#41 /var/www/flarum/vendor/middlewares/base-path/src/BasePath.php(73): Laminas\Stratigility\Next->handle()
#42 /var/www/flarum/vendor/laminas/laminas-stratigility/src/Next.php(52): Middlewares\BasePath->process()
#43 /var/www/flarum/vendor/flarum/core/src/Http/Middleware/ProcessIp.php(24): Laminas\Stratigility\Next->handle()
#44 /var/www/flarum/vendor/laminas/laminas-stratigility/src/Next.php(52): Flarum\Http\Middleware\ProcessIp->process()
#45 /var/www/flarum/vendor/laminas/laminas-stratigility/src/MiddlewarePipe.php(81): Laminas\Stratigility\Next->handle()
#46 /var/www/flarum/vendor/laminas/laminas-stratigility/src/MiddlewarePipe.php(70): Laminas\Stratigility\MiddlewarePipe->process()
#47 /var/www/flarum/vendor/laminas/laminas-httphandlerrunner/src/RequestHandlerRunner.php(73): Laminas\Stratigility\MiddlewarePipe->handle()
#48 /var/www/flarum/vendor/flarum/core/src/Http/Server.php(45): Laminas\HttpHandlerRunner\RequestHandlerRunner->run()
#49 /var/www/flarum/public/index.php(26): Flarum\Http\Server->listen()
#50 {main}  
[2024-12-16 23:29:20] flarum.ERROR: Swift_TransportException: Failed to authenticate on SMTP server with username "hospitest0@gmail.com" using 3 possible authenticators. Authenticator LOGIN returned Expected response code 235 but got code "535", with message "535-5.7.8 Username and Password not accepted. For more information, go to
535 5.7.8  https://support.google.com/mail/?p=BadCredentials a640c23a62f3a-aab9638ecacsm381745166b.145 - gsmtp
". Authenticator PLAIN returned Expected response code 235 but got code "535", with message "535-5.7.8 Username and Password not accepted. For more information, go to
535 5.7.8  https://support.google.com/mail/?p=BadCredentials a640c23a62f3a-aab9638ecacsm381745166b.145 - gsmtp
". Authenticator XOAUTH2 returned Expected response code 250 but got code "535", with message "535-5.7.8 Username and Password not accepted. For more information, go to
535 5.7.8  https://support.google.com/mail/?p=BadCredentials a640c23a62f3a-aab9638ecacsm381745166b.145 - gsmtp
". in /var/www/flarum/vendor/swiftmailer/swiftmailer/lib/classes/Swift/Transport/Esmtp/AuthHandler.php:191
Stack trace:
#0 /var/www/flarum/vendor/swiftmailer/swiftmailer/lib/classes/Swift/Transport/EsmtpTransport.php(371): Swift_Transport_Esmtp_AuthHandler->afterEhlo()
#1 /var/www/flarum/vendor/swiftmailer/swiftmailer/lib/classes/Swift/Transport/AbstractSmtpTransport.php(148): Swift_Transport_EsmtpTransport->doHeloCommand()
#2 /var/www/flarum/vendor/swiftmailer/swiftmailer/lib/classes/Swift/Mailer.php(65): Swift_Transport_AbstractSmtpTransport->start()
#3 /var/www/flarum/vendor/illuminate/mail/Mailer.php(521): Swift_Mailer->send()
#4 /var/www/flarum/vendor/illuminate/mail/Mailer.php(288): Illuminate\Mail\Mailer->sendSwiftMessage()
#5 /var/www/flarum/vendor/illuminate/mail/Mailer.php(212): Illuminate\Mail\Mailer->send()
#6 /var/www/flarum/vendor/flarum/core/src/Api/Controller/SendTestMailController.php(40): Illuminate\Mail\Mailer->raw()
#7 /var/www/flarum/vendor/flarum/core/src/Http/RouteHandlerFactory.php(41): Flarum\Api\Controller\SendTestMailController->handle()
#8 /var/www/flarum/vendor/flarum/core/src/Http/Middleware/ExecuteRoute.php(27): Flarum\Http\RouteHandlerFactory->Flarum\Http\{closure}()
#9 /var/www/flarum/vendor/laminas/laminas-stratigility/src/Next.php(52): Flarum\Http\Middleware\ExecuteRoute->process()
#10 /var/www/flarum/vendor/flarum/core/src/Api/Middleware/ThrottleApi.php(33): Laminas\Stratigility\Next->handle()
#11 /var/www/flarum/vendor/laminas/laminas-stratigility/src/Next.php(52): Flarum\Api\Middleware\ThrottleApi->process()
#12 /var/www/flarum/vendor/flarum/core/src/Http/Middleware/CheckCsrfToken.php(44): Laminas\Stratigility\Next->handle()
#13 /var/www/flarum/vendor/laminas/laminas-stratigility/src/Next.php(52): Flarum\Http\Middleware\CheckCsrfToken->process()
#14 /var/www/flarum/vendor/flarum/core/src/Http/Middleware/ResolveRoute.php(69): Laminas\Stratigility\Next->handle()
#15 /var/www/flarum/vendor/laminas/laminas-stratigility/src/Next.php(52): Flarum\Http\Middleware\ResolveRoute->process()
#16 /var/www/flarum/vendor/flarum/core/src/Http/Middleware/SetLocale.php(51): Laminas\Stratigility\Next->handle()
#17 /var/www/flarum/vendor/laminas/laminas-stratigility/src/Next.php(52): Flarum\Http\Middleware\SetLocale->process()
#18 /var/www/flarum/vendor/flarum/core/src/Http/Middleware/AuthenticateWithHeader.php(58): Laminas\Stratigility\Next->handle()
#19 /var/www/flarum/vendor/laminas/laminas-stratigility/src/Next.php(52): Flarum\Http\Middleware\AuthenticateWithHeader->process()
#20 /var/www/flarum/vendor/flarum/core/src/Http/Middleware/AuthenticateWithSession.php(31): Laminas\Stratigility\Next->handle()
#21 /var/www/flarum/vendor/laminas/laminas-stratigility/src/Next.php(52): Flarum\Http\Middleware\AuthenticateWithSession->process()
#22 /var/www/flarum/vendor/flarum/core/src/Http/Middleware/RememberFromCookie.php(52): Laminas\Stratigility\Next->handle()
#23 /var/www/flarum/vendor/laminas/laminas-stratigility/src/Next.php(52): Flarum\Http\Middleware\RememberFromCookie->process()
#24 /var/www/flarum/vendor/flarum/core/src/Http/Middleware/StartSession.php(61): Laminas\Stratigility\Next->handle()
#25 /var/www/flarum/vendor/laminas/laminas-stratigility/src/Next.php(52): Flarum\Http\Middleware\StartSession->process()
#26 /var/www/flarum/vendor/flarum/core/src/Api/Middleware/FakeHttpMethods.php(29): Laminas\Stratigility\Next->handle()
#27 /var/www/flarum/vendor/laminas/laminas-stratigility/src/Next.php(52): Flarum\Api\Middleware\FakeHttpMethods->process()
#28 /var/www/flarum/vendor/flarum/core/src/Http/Middleware/ParseJsonBody.php(28): Laminas\Stratigility\Next->handle()
#29 /var/www/flarum/vendor/laminas/laminas-stratigility/src/Next.php(52): Flarum\Http\Middleware\ParseJsonBody->process()
#30 /var/www/flarum/vendor/flarum/core/src/Http/Middleware/HandleErrors.php(57): Laminas\Stratigility\Next->handle()
#31 /var/www/flarum/vendor/laminas/laminas-stratigility/src/Next.php(52): Flarum\Http\Middleware\HandleErrors->process()
#32 /var/www/flarum/vendor/flarum/core/src/Http/Middleware/InjectActorReference.php(25): Laminas\Stratigility\Next->handle()
#33 /var/www/flarum/vendor/laminas/laminas-stratigility/src/Next.php(52): Flarum\Http\Middleware\InjectActorReference->process()
#34 /var/www/flarum/vendor/laminas/laminas-stratigility/src/MiddlewarePipe.php(81): Laminas\Stratigility\Next->handle()
#35 /var/www/flarum/vendor/middlewares/request-handler/src/RequestHandler.php(84): Laminas\Stratigility\MiddlewarePipe->process()
#36 /var/www/flarum/vendor/laminas/laminas-stratigility/src/Next.php(52): Middlewares\RequestHandler->process()
#37 /var/www/flarum/vendor/middlewares/base-path-router/src/BasePathRouter.php(99): Laminas\Stratigility\Next->handle()
#38 /var/www/flarum/vendor/laminas/laminas-stratigility/src/Next.php(52): Middlewares\BasePathRouter->process()
#39 /var/www/flarum/vendor/laminas/laminas-stratigility/src/Middleware/OriginalMessages.php(36): Laminas\Stratigility\Next->handle()
#40 /var/www/flarum/vendor/laminas/laminas-stratigility/src/Next.php(52): Laminas\Stratigility\Middleware\OriginalMessages->process()
#41 /var/www/flarum/vendor/middlewares/base-path/src/BasePath.php(73): Laminas\Stratigility\Next->handle()
#42 /var/www/flarum/vendor/laminas/laminas-stratigility/src/Next.php(52): Middlewares\BasePath->process()
#43 /var/www/flarum/vendor/flarum/core/src/Http/Middleware/ProcessIp.php(24): Laminas\Stratigility\Next->handle()
#44 /var/www/flarum/vendor/laminas/laminas-stratigility/src/Next.php(52): Flarum\Http\Middleware\ProcessIp->process()
#45 /var/www/flarum/vendor/laminas/laminas-stratigility/src/MiddlewarePipe.php(81): Laminas\Stratigility\Next->handle()
#46 /var/www/flarum/vendor/laminas/laminas-stratigility/src/MiddlewarePipe.php(70): Laminas\Stratigility\MiddlewarePipe->process()
#47 /var/www/flarum/vendor/laminas/laminas-httphandlerrunner/src/RequestHandlerRunner.php(73): Laminas\Stratigility\MiddlewarePipe->handle()
#48 /var/www/flarum/vendor/flarum/core/src/Http/Server.php(45): Laminas\HttpHandlerRunner\RequestHandlerRunner->run()
#49 /var/www/flarum/public/index.php(26): Flarum\Http\Server->listen()
#50 {main}  
[2024-12-16 23:31:47] flarum.ERROR: Swift_TransportException: Failed to authenticate on SMTP server with username "hospitest0@gmail.com" using 3 possible authenticators. Authenticator LOGIN returned Expected response code 235 but got code "535", with message "535-5.7.8 Username and Password not accepted. For more information, go to
535 5.7.8  https://support.google.com/mail/?p=BadCredentials a640c23a62f3a-aab96068192sm379237466b.51 - gsmtp
". Authenticator PLAIN returned Expected response code 235 but got code "535", with message "535-5.7.8 Username and Password not accepted. For more information, go to
535 5.7.8  https://support.google.com/mail/?p=BadCredentials a640c23a62f3a-aab96068192sm379237466b.51 - gsmtp
". Authenticator XOAUTH2 returned Expected response code 250 but got code "535", with message "535-5.7.8 Username and Password not accepted. For more information, go to
535 5.7.8  https://support.google.com/mail/?p=BadCredentials a640c23a62f3a-aab96068192sm379237466b.51 - gsmtp
". in /var/www/flarum/vendor/swiftmailer/swiftmailer/lib/classes/Swift/Transport/Esmtp/AuthHandler.php:191
Stack trace:
#0 /var/www/flarum/vendor/swiftmailer/swiftmailer/lib/classes/Swift/Transport/EsmtpTransport.php(371): Swift_Transport_Esmtp_AuthHandler->afterEhlo()
#1 /var/www/flarum/vendor/swiftmailer/swiftmailer/lib/classes/Swift/Transport/AbstractSmtpTransport.php(148): Swift_Transport_EsmtpTransport->doHeloCommand()
#2 /var/www/flarum/vendor/swiftmailer/swiftmailer/lib/classes/Swift/Mailer.php(65): Swift_Transport_AbstractSmtpTransport->start()
#3 /var/www/flarum/vendor/illuminate/mail/Mailer.php(521): Swift_Mailer->send()
#4 /var/www/flarum/vendor/illuminate/mail/Mailer.php(288): Illuminate\Mail\Mailer->sendSwiftMessage()
#5 /var/www/flarum/vendor/illuminate/mail/Mailer.php(212): Illuminate\Mail\Mailer->send()
#6 /var/www/flarum/vendor/flarum/core/src/Api/Controller/SendTestMailController.php(40): Illuminate\Mail\Mailer->raw()
#7 /var/www/flarum/vendor/flarum/core/src/Http/RouteHandlerFactory.php(41): Flarum\Api\Controller\SendTestMailController->handle()
#8 /var/www/flarum/vendor/flarum/core/src/Http/Middleware/ExecuteRoute.php(27): Flarum\Http\RouteHandlerFactory->Flarum\Http\{closure}()
#9 /var/www/flarum/vendor/laminas/laminas-stratigility/src/Next.php(52): Flarum\Http\Middleware\ExecuteRoute->process()
#10 /var/www/flarum/vendor/flarum/core/src/Api/Middleware/ThrottleApi.php(33): Laminas\Stratigility\Next->handle()
#11 /var/www/flarum/vendor/laminas/laminas-stratigility/src/Next.php(52): Flarum\Api\Middleware\ThrottleApi->process()
#12 /var/www/flarum/vendor/flarum/core/src/Http/Middleware/CheckCsrfToken.php(44): Laminas\Stratigility\Next->handle()
#13 /var/www/flarum/vendor/laminas/laminas-stratigility/src/Next.php(52): Flarum\Http\Middleware\CheckCsrfToken->process()
#14 /var/www/flarum/vendor/flarum/core/src/Http/Middleware/ResolveRoute.php(69): Laminas\Stratigility\Next->handle()
#15 /var/www/flarum/vendor/laminas/laminas-stratigility/src/Next.php(52): Flarum\Http\Middleware\ResolveRoute->process()
#16 /var/www/flarum/vendor/flarum/core/src/Http/Middleware/SetLocale.php(51): Laminas\Stratigility\Next->handle()
#17 /var/www/flarum/vendor/laminas/laminas-stratigility/src/Next.php(52): Flarum\Http\Middleware\SetLocale->process()
#18 /var/www/flarum/vendor/flarum/core/src/Http/Middleware/AuthenticateWithHeader.php(58): Laminas\Stratigility\Next->handle()
#19 /var/www/flarum/vendor/laminas/laminas-stratigility/src/Next.php(52): Flarum\Http\Middleware\AuthenticateWithHeader->process()
#20 /var/www/flarum/vendor/flarum/core/src/Http/Middleware/AuthenticateWithSession.php(31): Laminas\Stratigility\Next->handle()
#21 /var/www/flarum/vendor/laminas/laminas-stratigility/src/Next.php(52): Flarum\Http\Middleware\AuthenticateWithSession->process()
#22 /var/www/flarum/vendor/flarum/core/src/Http/Middleware/RememberFromCookie.php(52): Laminas\Stratigility\Next->handle()
#23 /var/www/flarum/vendor/laminas/laminas-stratigility/src/Next.php(52): Flarum\Http\Middleware\RememberFromCookie->process()
#24 /var/www/flarum/vendor/flarum/core/src/Http/Middleware/StartSession.php(61): Laminas\Stratigility\Next->handle()
#25 /var/www/flarum/vendor/laminas/laminas-stratigility/src/Next.php(52): Flarum\Http\Middleware\StartSession->process()
#26 /var/www/flarum/vendor/flarum/core/src/Api/Middleware/FakeHttpMethods.php(29): Laminas\Stratigility\Next->handle()
#27 /var/www/flarum/vendor/laminas/laminas-stratigility/src/Next.php(52): Flarum\Api\Middleware\FakeHttpMethods->process()
#28 /var/www/flarum/vendor/flarum/core/src/Http/Middleware/ParseJsonBody.php(28): Laminas\Stratigility\Next->handle()
#29 /var/www/flarum/vendor/laminas/laminas-stratigility/src/Next.php(52): Flarum\Http\Middleware\ParseJsonBody->process()
#30 /var/www/flarum/vendor/flarum/core/src/Http/Middleware/HandleErrors.php(57): Laminas\Stratigility\Next->handle()
#31 /var/www/flarum/vendor/laminas/laminas-stratigility/src/Next.php(52): Flarum\Http\Middleware\HandleErrors->process()
#32 /var/www/flarum/vendor/flarum/core/src/Http/Middleware/InjectActorReference.php(25): Laminas\Stratigility\Next->handle()
#33 /var/www/flarum/vendor/laminas/laminas-stratigility/src/Next.php(52): Flarum\Http\Middleware\InjectActorReference->process()
#34 /var/www/flarum/vendor/laminas/laminas-stratigility/src/MiddlewarePipe.php(81): Laminas\Stratigility\Next->handle()
#35 /var/www/flarum/vendor/middlewares/request-handler/src/RequestHandler.php(84): Laminas\Stratigility\MiddlewarePipe->process()
#36 /var/www/flarum/vendor/laminas/laminas-stratigility/src/Next.php(52): Middlewares\RequestHandler->process()
#37 /var/www/flarum/vendor/middlewares/base-path-router/src/BasePathRouter.php(99): Laminas\Stratigility\Next->handle()
#38 /var/www/flarum/vendor/laminas/laminas-stratigility/src/Next.php(52): Middlewares\BasePathRouter->process()
#39 /var/www/flarum/vendor/laminas/laminas-stratigility/src/Middleware/OriginalMessages.php(36): Laminas\Stratigility\Next->handle()
#40 /var/www/flarum/vendor/laminas/laminas-stratigility/src/Next.php(52): Laminas\Stratigility\Middleware\OriginalMessages->process()
#41 /var/www/flarum/vendor/middlewares/base-path/src/BasePath.php(73): Laminas\Stratigility\Next->handle()
#42 /var/www/flarum/vendor/laminas/laminas-stratigility/src/Next.php(52): Middlewares\BasePath->process()
#43 /var/www/flarum/vendor/flarum/core/src/Http/Middleware/ProcessIp.php(24): Laminas\Stratigility\Next->handle()
#44 /var/www/flarum/vendor/laminas/laminas-stratigility/src/Next.php(52): Flarum\Http\Middleware\ProcessIp->process()
#45 /var/www/flarum/vendor/laminas/laminas-stratigility/src/MiddlewarePipe.php(81): Laminas\Stratigility\Next->handle()
#46 /var/www/flarum/vendor/laminas/laminas-stratigility/src/MiddlewarePipe.php(70): Laminas\Stratigility\MiddlewarePipe->process()
#47 /var/www/flarum/vendor/laminas/laminas-httphandlerrunner/src/RequestHandlerRunner.php(73): Laminas\Stratigility\MiddlewarePipe->handle()
#48 /var/www/flarum/vendor/flarum/core/src/Http/Server.php(45): Laminas\HttpHandlerRunner\RequestHandlerRunner->run()
#49 /var/www/flarum/public/index.php(26): Flarum\Http\Server->listen()
#50 {main}  
