[2024-12-17 00:10:39] flarum.ERROR: GuzzleHttp\Exception\ClientException: Client error: `POST https://api.mailgun.net/v3/sandbox40fdd2a8c5e84f2da30fd17cd6431873.mailgun.org/messages.mime` resulted in a `403 Forbidden` response:
{"message":"Domain sandbox40fdd2a8c5e84f2da30fd17cd6431873.mailgun.org is not allowed to send: Please activate your Mail (truncated...)
 in /var/www/flarum/vendor/guzzlehttp/guzzle/src/Exception/RequestException.php:111
Stack trace:
#0 /var/www/flarum/vendor/guzzlehttp/guzzle/src/Middleware.php(72): GuzzleHttp\Exception\RequestException::create()
#1 /var/www/flarum/vendor/guzzlehttp/promises/src/Promise.php(209): GuzzleHttp\Middleware::GuzzleHttp\{closure}()
#2 /var/www/flarum/vendor/guzzlehttp/promises/src/Promise.php(158): GuzzleHttp\Promise\Promise::callHandler()
#3 /var/www/flarum/vendor/guzzlehttp/promises/src/TaskQueue.php(52): GuzzleHttp\Promise\Promise::GuzzleHttp\Promise\{closure}()
#4 /var/www/flarum/vendor/guzzlehttp/promises/src/Promise.php(251): GuzzleHttp\Promise\TaskQueue->run()
#5 /var/www/flarum/vendor/guzzlehttp/promises/src/Promise.php(227): GuzzleHttp\Promise\Promise->invokeWaitFn()
#6 /var/www/flarum/vendor/guzzlehttp/promises/src/Promise.php(272): GuzzleHttp\Promise\Promise->waitIfPending()
#7 /var/www/flarum/vendor/guzzlehttp/promises/src/Promise.php(229): GuzzleHttp\Promise\Promise->invokeWaitList()
#8 /var/www/flarum/vendor/guzzlehttp/promises/src/Promise.php(69): GuzzleHttp\Promise\Promise->waitIfPending()
#9 /var/www/flarum/vendor/guzzlehttp/guzzle/src/Client.php(189): GuzzleHttp\Promise\Promise->wait()
#10 /var/www/flarum/vendor/illuminate/mail/Transport/MailgunTransport.php(74): GuzzleHttp\Client->request()
#11 /var/www/flarum/vendor/swiftmailer/swiftmailer/lib/classes/Swift/Mailer.php(71): Illuminate\Mail\Transport\MailgunTransport->send()
#12 /var/www/flarum/vendor/illuminate/mail/Mailer.php(521): Swift_Mailer->send()
#13 /var/www/flarum/vendor/illuminate/mail/Mailer.php(288): Illuminate\Mail\Mailer->sendSwiftMessage()
#14 /var/www/flarum/vendor/illuminate/mail/Mailer.php(212): Illuminate\Mail\Mailer->send()
#15 /var/www/flarum/vendor/flarum/core/src/Api/Controller/SendTestMailController.php(40): Illuminate\Mail\Mailer->raw()
#16 /var/www/flarum/vendor/flarum/core/src/Http/RouteHandlerFactory.php(41): Flarum\Api\Controller\SendTestMailController->handle()
#17 /var/www/flarum/vendor/flarum/core/src/Http/Middleware/ExecuteRoute.php(27): Flarum\Http\RouteHandlerFactory->Flarum\Http\{closure}()
#18 /var/www/flarum/vendor/laminas/laminas-stratigility/src/Next.php(52): Flarum\Http\Middleware\ExecuteRoute->process()
#19 /var/www/flarum/vendor/flarum/core/src/Api/Middleware/ThrottleApi.php(33): Laminas\Stratigility\Next->handle()
#20 /var/www/flarum/vendor/laminas/laminas-stratigility/src/Next.php(52): Flarum\Api\Middleware\ThrottleApi->process()
#21 /var/www/flarum/vendor/flarum/core/src/Http/Middleware/CheckCsrfToken.php(44): Laminas\Stratigility\Next->handle()
#22 /var/www/flarum/vendor/laminas/laminas-stratigility/src/Next.php(52): Flarum\Http\Middleware\CheckCsrfToken->process()
#23 /var/www/flarum/vendor/flarum/core/src/Http/Middleware/ResolveRoute.php(69): Laminas\Stratigility\Next->handle()
#24 /var/www/flarum/vendor/laminas/laminas-stratigility/src/Next.php(52): Flarum\Http\Middleware\ResolveRoute->process()
#25 /var/www/flarum/vendor/flarum/core/src/Http/Middleware/SetLocale.php(51): Laminas\Stratigility\Next->handle()
#26 /var/www/flarum/vendor/laminas/laminas-stratigility/src/Next.php(52): Flarum\Http\Middleware\SetLocale->process()
#27 /var/www/flarum/vendor/flarum/core/src/Http/Middleware/AuthenticateWithHeader.php(58): Laminas\Stratigility\Next->handle()
#28 /var/www/flarum/vendor/laminas/laminas-stratigility/src/Next.php(52): Flarum\Http\Middleware\AuthenticateWithHeader->process()
#29 /var/www/flarum/vendor/flarum/core/src/Http/Middleware/AuthenticateWithSession.php(31): Laminas\Stratigility\Next->handle()
#30 /var/www/flarum/vendor/laminas/laminas-stratigility/src/Next.php(52): Flarum\Http\Middleware\AuthenticateWithSession->process()
#31 /var/www/flarum/vendor/flarum/core/src/Http/Middleware/RememberFromCookie.php(52): Laminas\Stratigility\Next->handle()
#32 /var/www/flarum/vendor/laminas/laminas-stratigility/src/Next.php(52): Flarum\Http\Middleware\RememberFromCookie->process()
#33 /var/www/flarum/vendor/flarum/core/src/Http/Middleware/StartSession.php(61): Laminas\Stratigility\Next->handle()
#34 /var/www/flarum/vendor/laminas/laminas-stratigility/src/Next.php(52): Flarum\Http\Middleware\StartSession->process()
#35 /var/www/flarum/vendor/flarum/core/src/Api/Middleware/FakeHttpMethods.php(29): Laminas\Stratigility\Next->handle()
#36 /var/www/flarum/vendor/laminas/laminas-stratigility/src/Next.php(52): Flarum\Api\Middleware\FakeHttpMethods->process()
#37 /var/www/flarum/vendor/flarum/core/src/Http/Middleware/ParseJsonBody.php(28): Laminas\Stratigility\Next->handle()
#38 /var/www/flarum/vendor/laminas/laminas-stratigility/src/Next.php(52): Flarum\Http\Middleware\ParseJsonBody->process()
#39 /var/www/flarum/vendor/flarum/core/src/Http/Middleware/HandleErrors.php(57): Laminas\Stratigility\Next->handle()
#40 /var/www/flarum/vendor/laminas/laminas-stratigility/src/Next.php(52): Flarum\Http\Middleware\HandleErrors->process()
#41 /var/www/flarum/vendor/flarum/core/src/Http/Middleware/InjectActorReference.php(25): Laminas\Stratigility\Next->handle()
#42 /var/www/flarum/vendor/laminas/laminas-stratigility/src/Next.php(52): Flarum\Http\Middleware\InjectActorReference->process()
#43 /var/www/flarum/vendor/laminas/laminas-stratigility/src/MiddlewarePipe.php(81): Laminas\Stratigility\Next->handle()
#44 /var/www/flarum/vendor/middlewares/request-handler/src/RequestHandler.php(84): Laminas\Stratigility\MiddlewarePipe->process()
#45 /var/www/flarum/vendor/laminas/laminas-stratigility/src/Next.php(52): Middlewares\RequestHandler->process()
#46 /var/www/flarum/vendor/middlewares/base-path-router/src/BasePathRouter.php(99): Laminas\Stratigility\Next->handle()
#47 /var/www/flarum/vendor/laminas/laminas-stratigility/src/Next.php(52): Middlewares\BasePathRouter->process()
#48 /var/www/flarum/vendor/laminas/laminas-stratigility/src/Middleware/OriginalMessages.php(36): Laminas\Stratigility\Next->handle()
#49 /var/www/flarum/vendor/laminas/laminas-stratigility/src/Next.php(52): Laminas\Stratigility\Middleware\OriginalMessages->process()
#50 /var/www/flarum/vendor/middlewares/base-path/src/BasePath.php(73): Laminas\Stratigility\Next->handle()
#51 /var/www/flarum/vendor/laminas/laminas-stratigility/src/Next.php(52): Middlewares\BasePath->process()
#52 /var/www/flarum/vendor/flarum/core/src/Http/Middleware/ProcessIp.php(24): Laminas\Stratigility\Next->handle()
#53 /var/www/flarum/vendor/laminas/laminas-stratigility/src/Next.php(52): Flarum\Http\Middleware\ProcessIp->process()
#54 /var/www/flarum/vendor/laminas/laminas-stratigility/src/MiddlewarePipe.php(81): Laminas\Stratigility\Next->handle()
#55 /var/www/flarum/vendor/laminas/laminas-stratigility/src/MiddlewarePipe.php(70): Laminas\Stratigility\MiddlewarePipe->process()
#56 /var/www/flarum/vendor/laminas/laminas-httphandlerrunner/src/RequestHandlerRunner.php(73): Laminas\Stratigility\MiddlewarePipe->handle()
#57 /var/www/flarum/vendor/flarum/core/src/Http/Server.php(45): Laminas\HttpHandlerRunner\RequestHandlerRunner->run()
#58 /var/www/flarum/public/index.php(26): Flarum\Http\Server->listen()
#59 {main}

Next Swift_TransportException: Request to Mailgun API failed. in /var/www/flarum/vendor/illuminate/mail/Transport/MailgunTransport.php:80
Stack trace:
#0 /var/www/flarum/vendor/swiftmailer/swiftmailer/lib/classes/Swift/Mailer.php(71): Illuminate\Mail\Transport\MailgunTransport->send()
#1 /var/www/flarum/vendor/illuminate/mail/Mailer.php(521): Swift_Mailer->send()
#2 /var/www/flarum/vendor/illuminate/mail/Mailer.php(288): Illuminate\Mail\Mailer->sendSwiftMessage()
#3 /var/www/flarum/vendor/illuminate/mail/Mailer.php(212): Illuminate\Mail\Mailer->send()
#4 /var/www/flarum/vendor/flarum/core/src/Api/Controller/SendTestMailController.php(40): Illuminate\Mail\Mailer->raw()
#5 /var/www/flarum/vendor/flarum/core/src/Http/RouteHandlerFactory.php(41): Flarum\Api\Controller\SendTestMailController->handle()
#6 /var/www/flarum/vendor/flarum/core/src/Http/Middleware/ExecuteRoute.php(27): Flarum\Http\RouteHandlerFactory->Flarum\Http\{closure}()
#7 /var/www/flarum/vendor/laminas/laminas-stratigility/src/Next.php(52): Flarum\Http\Middleware\ExecuteRoute->process()
#8 /var/www/flarum/vendor/flarum/core/src/Api/Middleware/ThrottleApi.php(33): Laminas\Stratigility\Next->handle()
#9 /var/www/flarum/vendor/laminas/laminas-stratigility/src/Next.php(52): Flarum\Api\Middleware\ThrottleApi->process()
#10 /var/www/flarum/vendor/flarum/core/src/Http/Middleware/CheckCsrfToken.php(44): Laminas\Stratigility\Next->handle()
#11 /var/www/flarum/vendor/laminas/laminas-stratigility/src/Next.php(52): Flarum\Http\Middleware\CheckCsrfToken->process()
#12 /var/www/flarum/vendor/flarum/core/src/Http/Middleware/ResolveRoute.php(69): Laminas\Stratigility\Next->handle()
#13 /var/www/flarum/vendor/laminas/laminas-stratigility/src/Next.php(52): Flarum\Http\Middleware\ResolveRoute->process()
#14 /var/www/flarum/vendor/flarum/core/src/Http/Middleware/SetLocale.php(51): Laminas\Stratigility\Next->handle()
#15 /var/www/flarum/vendor/laminas/laminas-stratigility/src/Next.php(52): Flarum\Http\Middleware\SetLocale->process()
#16 /var/www/flarum/vendor/flarum/core/src/Http/Middleware/AuthenticateWithHeader.php(58): Laminas\Stratigility\Next->handle()
#17 /var/www/flarum/vendor/laminas/laminas-stratigility/src/Next.php(52): Flarum\Http\Middleware\AuthenticateWithHeader->process()
#18 /var/www/flarum/vendor/flarum/core/src/Http/Middleware/AuthenticateWithSession.php(31): Laminas\Stratigility\Next->handle()
#19 /var/www/flarum/vendor/laminas/laminas-stratigility/src/Next.php(52): Flarum\Http\Middleware\AuthenticateWithSession->process()
#20 /var/www/flarum/vendor/flarum/core/src/Http/Middleware/RememberFromCookie.php(52): Laminas\Stratigility\Next->handle()
#21 /var/www/flarum/vendor/laminas/laminas-stratigility/src/Next.php(52): Flarum\Http\Middleware\RememberFromCookie->process()
#22 /var/www/flarum/vendor/flarum/core/src/Http/Middleware/StartSession.php(61): Laminas\Stratigility\Next->handle()
#23 /var/www/flarum/vendor/laminas/laminas-stratigility/src/Next.php(52): Flarum\Http\Middleware\StartSession->process()
#24 /var/www/flarum/vendor/flarum/core/src/Api/Middleware/FakeHttpMethods.php(29): Laminas\Stratigility\Next->handle()
#25 /var/www/flarum/vendor/laminas/laminas-stratigility/src/Next.php(52): Flarum\Api\Middleware\FakeHttpMethods->process()
#26 /var/www/flarum/vendor/flarum/core/src/Http/Middleware/ParseJsonBody.php(28): Laminas\Stratigility\Next->handle()
#27 /var/www/flarum/vendor/laminas/laminas-stratigility/src/Next.php(52): Flarum\Http\Middleware\ParseJsonBody->process()
#28 /var/www/flarum/vendor/flarum/core/src/Http/Middleware/HandleErrors.php(57): Laminas\Stratigility\Next->handle()
#29 /var/www/flarum/vendor/laminas/laminas-stratigility/src/Next.php(52): Flarum\Http\Middleware\HandleErrors->process()
#30 /var/www/flarum/vendor/flarum/core/src/Http/Middleware/InjectActorReference.php(25): Laminas\Stratigility\Next->handle()
#31 /var/www/flarum/vendor/laminas/laminas-stratigility/src/Next.php(52): Flarum\Http\Middleware\InjectActorReference->process()
#32 /var/www/flarum/vendor/laminas/laminas-stratigility/src/MiddlewarePipe.php(81): Laminas\Stratigility\Next->handle()
#33 /var/www/flarum/vendor/middlewares/request-handler/src/RequestHandler.php(84): Laminas\Stratigility\MiddlewarePipe->process()
#34 /var/www/flarum/vendor/laminas/laminas-stratigility/src/Next.php(52): Middlewares\RequestHandler->process()
#35 /var/www/flarum/vendor/middlewares/base-path-router/src/BasePathRouter.php(99): Laminas\Stratigility\Next->handle()
#36 /var/www/flarum/vendor/laminas/laminas-stratigility/src/Next.php(52): Middlewares\BasePathRouter->process()
#37 /var/www/flarum/vendor/laminas/laminas-stratigility/src/Middleware/OriginalMessages.php(36): Laminas\Stratigility\Next->handle()
#38 /var/www/flarum/vendor/laminas/laminas-stratigility/src/Next.php(52): Laminas\Stratigility\Middleware\OriginalMessages->process()
#39 /var/www/flarum/vendor/middlewares/base-path/src/BasePath.php(73): Laminas\Stratigility\Next->handle()
#40 /var/www/flarum/vendor/laminas/laminas-stratigility/src/Next.php(52): Middlewares\BasePath->process()
#41 /var/www/flarum/vendor/flarum/core/src/Http/Middleware/ProcessIp.php(24): Laminas\Stratigility\Next->handle()
#42 /var/www/flarum/vendor/laminas/laminas-stratigility/src/Next.php(52): Flarum\Http\Middleware\ProcessIp->process()
#43 /var/www/flarum/vendor/laminas/laminas-stratigility/src/MiddlewarePipe.php(81): Laminas\Stratigility\Next->handle()
#44 /var/www/flarum/vendor/laminas/laminas-stratigility/src/MiddlewarePipe.php(70): Laminas\Stratigility\MiddlewarePipe->process()
#45 /var/www/flarum/vendor/laminas/laminas-httphandlerrunner/src/RequestHandlerRunner.php(73): Laminas\Stratigility\MiddlewarePipe->handle()
#46 /var/www/flarum/vendor/flarum/core/src/Http/Server.php(45): Laminas\HttpHandlerRunner\RequestHandlerRunner->run()
#47 /var/www/flarum/public/index.php(26): Flarum\Http\Server->listen()
#48 {main}  
[2024-12-17 00:13:24] flarum.ERROR: GuzzleHttp\Exception\ClientException: Client error: `POST https://api.mailgun.net/v3/sandbox40fdd2a8c5e84f2da30fd17cd6431873.mailgun.org/messages.mime` resulted in a `403 Forbidden` response:
{"message":"Domain sandbox40fdd2a8c5e84f2da30fd17cd6431873.mailgun.org is not allowed to send: Please activate your Mail (truncated...)
 in /var/www/flarum/vendor/guzzlehttp/guzzle/src/Exception/RequestException.php:111
Stack trace:
#0 /var/www/flarum/vendor/guzzlehttp/guzzle/src/Middleware.php(72): GuzzleHttp\Exception\RequestException::create()
#1 /var/www/flarum/vendor/guzzlehttp/promises/src/Promise.php(209): GuzzleHttp\Middleware::GuzzleHttp\{closure}()
#2 /var/www/flarum/vendor/guzzlehttp/promises/src/Promise.php(158): GuzzleHttp\Promise\Promise::callHandler()
#3 /var/www/flarum/vendor/guzzlehttp/promises/src/TaskQueue.php(52): GuzzleHttp\Promise\Promise::GuzzleHttp\Promise\{closure}()
#4 /var/www/flarum/vendor/guzzlehttp/promises/src/Promise.php(251): GuzzleHttp\Promise\TaskQueue->run()
#5 /var/www/flarum/vendor/guzzlehttp/promises/src/Promise.php(227): GuzzleHttp\Promise\Promise->invokeWaitFn()
#6 /var/www/flarum/vendor/guzzlehttp/promises/src/Promise.php(272): GuzzleHttp\Promise\Promise->waitIfPending()
#7 /var/www/flarum/vendor/guzzlehttp/promises/src/Promise.php(229): GuzzleHttp\Promise\Promise->invokeWaitList()
#8 /var/www/flarum/vendor/guzzlehttp/promises/src/Promise.php(69): GuzzleHttp\Promise\Promise->waitIfPending()
#9 /var/www/flarum/vendor/guzzlehttp/guzzle/src/Client.php(189): GuzzleHttp\Promise\Promise->wait()
#10 /var/www/flarum/vendor/illuminate/mail/Transport/MailgunTransport.php(74): GuzzleHttp\Client->request()
#11 /var/www/flarum/vendor/swiftmailer/swiftmailer/lib/classes/Swift/Mailer.php(71): Illuminate\Mail\Transport\MailgunTransport->send()
#12 /var/www/flarum/vendor/illuminate/mail/Mailer.php(521): Swift_Mailer->send()
#13 /var/www/flarum/vendor/illuminate/mail/Mailer.php(288): Illuminate\Mail\Mailer->sendSwiftMessage()
#14 /var/www/flarum/vendor/illuminate/mail/Mailer.php(212): Illuminate\Mail\Mailer->send()
#15 /var/www/flarum/vendor/flarum/core/src/Api/Controller/SendTestMailController.php(40): Illuminate\Mail\Mailer->raw()
#16 /var/www/flarum/vendor/flarum/core/src/Http/RouteHandlerFactory.php(41): Flarum\Api\Controller\SendTestMailController->handle()
#17 /var/www/flarum/vendor/flarum/core/src/Http/Middleware/ExecuteRoute.php(27): Flarum\Http\RouteHandlerFactory->Flarum\Http\{closure}()
#18 /var/www/flarum/vendor/laminas/laminas-stratigility/src/Next.php(52): Flarum\Http\Middleware\ExecuteRoute->process()
#19 /var/www/flarum/vendor/flarum/core/src/Api/Middleware/ThrottleApi.php(33): Laminas\Stratigility\Next->handle()
#20 /var/www/flarum/vendor/laminas/laminas-stratigility/src/Next.php(52): Flarum\Api\Middleware\ThrottleApi->process()
#21 /var/www/flarum/vendor/flarum/core/src/Http/Middleware/CheckCsrfToken.php(44): Laminas\Stratigility\Next->handle()
#22 /var/www/flarum/vendor/laminas/laminas-stratigility/src/Next.php(52): Flarum\Http\Middleware\CheckCsrfToken->process()
#23 /var/www/flarum/vendor/flarum/core/src/Http/Middleware/ResolveRoute.php(69): Laminas\Stratigility\Next->handle()
#24 /var/www/flarum/vendor/laminas/laminas-stratigility/src/Next.php(52): Flarum\Http\Middleware\ResolveRoute->process()
#25 /var/www/flarum/vendor/flarum/core/src/Http/Middleware/SetLocale.php(51): Laminas\Stratigility\Next->handle()
#26 /var/www/flarum/vendor/laminas/laminas-stratigility/src/Next.php(52): Flarum\Http\Middleware\SetLocale->process()
#27 /var/www/flarum/vendor/flarum/core/src/Http/Middleware/AuthenticateWithHeader.php(58): Laminas\Stratigility\Next->handle()
#28 /var/www/flarum/vendor/laminas/laminas-stratigility/src/Next.php(52): Flarum\Http\Middleware\AuthenticateWithHeader->process()
#29 /var/www/flarum/vendor/flarum/core/src/Http/Middleware/AuthenticateWithSession.php(31): Laminas\Stratigility\Next->handle()
#30 /var/www/flarum/vendor/laminas/laminas-stratigility/src/Next.php(52): Flarum\Http\Middleware\AuthenticateWithSession->process()
#31 /var/www/flarum/vendor/flarum/core/src/Http/Middleware/RememberFromCookie.php(52): Laminas\Stratigility\Next->handle()
#32 /var/www/flarum/vendor/laminas/laminas-stratigility/src/Next.php(52): Flarum\Http\Middleware\RememberFromCookie->process()
#33 /var/www/flarum/vendor/flarum/core/src/Http/Middleware/StartSession.php(61): Laminas\Stratigility\Next->handle()
#34 /var/www/flarum/vendor/laminas/laminas-stratigility/src/Next.php(52): Flarum\Http\Middleware\StartSession->process()
#35 /var/www/flarum/vendor/flarum/core/src/Api/Middleware/FakeHttpMethods.php(29): Laminas\Stratigility\Next->handle()
#36 /var/www/flarum/vendor/laminas/laminas-stratigility/src/Next.php(52): Flarum\Api\Middleware\FakeHttpMethods->process()
#37 /var/www/flarum/vendor/flarum/core/src/Http/Middleware/ParseJsonBody.php(28): Laminas\Stratigility\Next->handle()
#38 /var/www/flarum/vendor/laminas/laminas-stratigility/src/Next.php(52): Flarum\Http\Middleware\ParseJsonBody->process()
#39 /var/www/flarum/vendor/flarum/core/src/Http/Middleware/HandleErrors.php(57): Laminas\Stratigility\Next->handle()
#40 /var/www/flarum/vendor/laminas/laminas-stratigility/src/Next.php(52): Flarum\Http\Middleware\HandleErrors->process()
#41 /var/www/flarum/vendor/flarum/core/src/Http/Middleware/InjectActorReference.php(25): Laminas\Stratigility\Next->handle()
#42 /var/www/flarum/vendor/laminas/laminas-stratigility/src/Next.php(52): Flarum\Http\Middleware\InjectActorReference->process()
#43 /var/www/flarum/vendor/laminas/laminas-stratigility/src/MiddlewarePipe.php(81): Laminas\Stratigility\Next->handle()
#44 /var/www/flarum/vendor/middlewares/request-handler/src/RequestHandler.php(84): Laminas\Stratigility\MiddlewarePipe->process()
#45 /var/www/flarum/vendor/laminas/laminas-stratigility/src/Next.php(52): Middlewares\RequestHandler->process()
#46 /var/www/flarum/vendor/middlewares/base-path-router/src/BasePathRouter.php(99): Laminas\Stratigility\Next->handle()
#47 /var/www/flarum/vendor/laminas/laminas-stratigility/src/Next.php(52): Middlewares\BasePathRouter->process()
#48 /var/www/flarum/vendor/laminas/laminas-stratigility/src/Middleware/OriginalMessages.php(36): Laminas\Stratigility\Next->handle()
#49 /var/www/flarum/vendor/laminas/laminas-stratigility/src/Next.php(52): Laminas\Stratigility\Middleware\OriginalMessages->process()
#50 /var/www/flarum/vendor/middlewares/base-path/src/BasePath.php(73): Laminas\Stratigility\Next->handle()
#51 /var/www/flarum/vendor/laminas/laminas-stratigility/src/Next.php(52): Middlewares\BasePath->process()
#52 /var/www/flarum/vendor/flarum/core/src/Http/Middleware/ProcessIp.php(24): Laminas\Stratigility\Next->handle()
#53 /var/www/flarum/vendor/laminas/laminas-stratigility/src/Next.php(52): Flarum\Http\Middleware\ProcessIp->process()
#54 /var/www/flarum/vendor/laminas/laminas-stratigility/src/MiddlewarePipe.php(81): Laminas\Stratigility\Next->handle()
#55 /var/www/flarum/vendor/laminas/laminas-stratigility/src/MiddlewarePipe.php(70): Laminas\Stratigility\MiddlewarePipe->process()
#56 /var/www/flarum/vendor/laminas/laminas-httphandlerrunner/src/RequestHandlerRunner.php(73): Laminas\Stratigility\MiddlewarePipe->handle()
#57 /var/www/flarum/vendor/flarum/core/src/Http/Server.php(45): Laminas\HttpHandlerRunner\RequestHandlerRunner->run()
#58 /var/www/flarum/public/index.php(26): Flarum\Http\Server->listen()
#59 {main}

Next Swift_TransportException: Request to Mailgun API failed. in /var/www/flarum/vendor/illuminate/mail/Transport/MailgunTransport.php:80
Stack trace:
#0 /var/www/flarum/vendor/swiftmailer/swiftmailer/lib/classes/Swift/Mailer.php(71): Illuminate\Mail\Transport\MailgunTransport->send()
#1 /var/www/flarum/vendor/illuminate/mail/Mailer.php(521): Swift_Mailer->send()
#2 /var/www/flarum/vendor/illuminate/mail/Mailer.php(288): Illuminate\Mail\Mailer->sendSwiftMessage()
#3 /var/www/flarum/vendor/illuminate/mail/Mailer.php(212): Illuminate\Mail\Mailer->send()
#4 /var/www/flarum/vendor/flarum/core/src/Api/Controller/SendTestMailController.php(40): Illuminate\Mail\Mailer->raw()
#5 /var/www/flarum/vendor/flarum/core/src/Http/RouteHandlerFactory.php(41): Flarum\Api\Controller\SendTestMailController->handle()
#6 /var/www/flarum/vendor/flarum/core/src/Http/Middleware/ExecuteRoute.php(27): Flarum\Http\RouteHandlerFactory->Flarum\Http\{closure}()
#7 /var/www/flarum/vendor/laminas/laminas-stratigility/src/Next.php(52): Flarum\Http\Middleware\ExecuteRoute->process()
#8 /var/www/flarum/vendor/flarum/core/src/Api/Middleware/ThrottleApi.php(33): Laminas\Stratigility\Next->handle()
#9 /var/www/flarum/vendor/laminas/laminas-stratigility/src/Next.php(52): Flarum\Api\Middleware\ThrottleApi->process()
#10 /var/www/flarum/vendor/flarum/core/src/Http/Middleware/CheckCsrfToken.php(44): Laminas\Stratigility\Next->handle()
#11 /var/www/flarum/vendor/laminas/laminas-stratigility/src/Next.php(52): Flarum\Http\Middleware\CheckCsrfToken->process()
#12 /var/www/flarum/vendor/flarum/core/src/Http/Middleware/ResolveRoute.php(69): Laminas\Stratigility\Next->handle()
#13 /var/www/flarum/vendor/laminas/laminas-stratigility/src/Next.php(52): Flarum\Http\Middleware\ResolveRoute->process()
#14 /var/www/flarum/vendor/flarum/core/src/Http/Middleware/SetLocale.php(51): Laminas\Stratigility\Next->handle()
#15 /var/www/flarum/vendor/laminas/laminas-stratigility/src/Next.php(52): Flarum\Http\Middleware\SetLocale->process()
#16 /var/www/flarum/vendor/flarum/core/src/Http/Middleware/AuthenticateWithHeader.php(58): Laminas\Stratigility\Next->handle()
#17 /var/www/flarum/vendor/laminas/laminas-stratigility/src/Next.php(52): Flarum\Http\Middleware\AuthenticateWithHeader->process()
#18 /var/www/flarum/vendor/flarum/core/src/Http/Middleware/AuthenticateWithSession.php(31): Laminas\Stratigility\Next->handle()
#19 /var/www/flarum/vendor/laminas/laminas-stratigility/src/Next.php(52): Flarum\Http\Middleware\AuthenticateWithSession->process()
#20 /var/www/flarum/vendor/flarum/core/src/Http/Middleware/RememberFromCookie.php(52): Laminas\Stratigility\Next->handle()
#21 /var/www/flarum/vendor/laminas/laminas-stratigility/src/Next.php(52): Flarum\Http\Middleware\RememberFromCookie->process()
#22 /var/www/flarum/vendor/flarum/core/src/Http/Middleware/StartSession.php(61): Laminas\Stratigility\Next->handle()
#23 /var/www/flarum/vendor/laminas/laminas-stratigility/src/Next.php(52): Flarum\Http\Middleware\StartSession->process()
#24 /var/www/flarum/vendor/flarum/core/src/Api/Middleware/FakeHttpMethods.php(29): Laminas\Stratigility\Next->handle()
#25 /var/www/flarum/vendor/laminas/laminas-stratigility/src/Next.php(52): Flarum\Api\Middleware\FakeHttpMethods->process()
#26 /var/www/flarum/vendor/flarum/core/src/Http/Middleware/ParseJsonBody.php(28): Laminas\Stratigility\Next->handle()
#27 /var/www/flarum/vendor/laminas/laminas-stratigility/src/Next.php(52): Flarum\Http\Middleware\ParseJsonBody->process()
#28 /var/www/flarum/vendor/flarum/core/src/Http/Middleware/HandleErrors.php(57): Laminas\Stratigility\Next->handle()
#29 /var/www/flarum/vendor/laminas/laminas-stratigility/src/Next.php(52): Flarum\Http\Middleware\HandleErrors->process()
#30 /var/www/flarum/vendor/flarum/core/src/Http/Middleware/InjectActorReference.php(25): Laminas\Stratigility\Next->handle()
#31 /var/www/flarum/vendor/laminas/laminas-stratigility/src/Next.php(52): Flarum\Http\Middleware\InjectActorReference->process()
#32 /var/www/flarum/vendor/laminas/laminas-stratigility/src/MiddlewarePipe.php(81): Laminas\Stratigility\Next->handle()
#33 /var/www/flarum/vendor/middlewares/request-handler/src/RequestHandler.php(84): Laminas\Stratigility\MiddlewarePipe->process()
#34 /var/www/flarum/vendor/laminas/laminas-stratigility/src/Next.php(52): Middlewares\RequestHandler->process()
#35 /var/www/flarum/vendor/middlewares/base-path-router/src/BasePathRouter.php(99): Laminas\Stratigility\Next->handle()
#36 /var/www/flarum/vendor/laminas/laminas-stratigility/src/Next.php(52): Middlewares\BasePathRouter->process()
#37 /var/www/flarum/vendor/laminas/laminas-stratigility/src/Middleware/OriginalMessages.php(36): Laminas\Stratigility\Next->handle()
#38 /var/www/flarum/vendor/laminas/laminas-stratigility/src/Next.php(52): Laminas\Stratigility\Middleware\OriginalMessages->process()
#39 /var/www/flarum/vendor/middlewares/base-path/src/BasePath.php(73): Laminas\Stratigility\Next->handle()
#40 /var/www/flarum/vendor/laminas/laminas-stratigility/src/Next.php(52): Middlewares\BasePath->process()
#41 /var/www/flarum/vendor/flarum/core/src/Http/Middleware/ProcessIp.php(24): Laminas\Stratigility\Next->handle()
#42 /var/www/flarum/vendor/laminas/laminas-stratigility/src/Next.php(52): Flarum\Http\Middleware\ProcessIp->process()
#43 /var/www/flarum/vendor/laminas/laminas-stratigility/src/MiddlewarePipe.php(81): Laminas\Stratigility\Next->handle()
#44 /var/www/flarum/vendor/laminas/laminas-stratigility/src/MiddlewarePipe.php(70): Laminas\Stratigility\MiddlewarePipe->process()
#45 /var/www/flarum/vendor/laminas/laminas-httphandlerrunner/src/RequestHandlerRunner.php(73): Laminas\Stratigility\MiddlewarePipe->handle()
#46 /var/www/flarum/vendor/flarum/core/src/Http/Server.php(45): Laminas\HttpHandlerRunner\RequestHandlerRunner->run()
#47 /var/www/flarum/public/index.php(26): Flarum\Http\Server->listen()
#48 {main}  
[2024-12-17 00:13:46] flarum.ERROR: GuzzleHttp\Exception\ClientException: Client error: `POST https://api.mailgun.net/v3/sandbox40fdd2a8c5e84f2da30fd17cd6431873.mailgun.org/messages.mime` resulted in a `403 Forbidden` response:
{"message":"Domain sandbox40fdd2a8c5e84f2da30fd17cd6431873.mailgun.org is not allowed to send: Please activate your Mail (truncated...)
 in /var/www/flarum/vendor/guzzlehttp/guzzle/src/Exception/RequestException.php:111
Stack trace:
#0 /var/www/flarum/vendor/guzzlehttp/guzzle/src/Middleware.php(72): GuzzleHttp\Exception\RequestException::create()
#1 /var/www/flarum/vendor/guzzlehttp/promises/src/Promise.php(209): GuzzleHttp\Middleware::GuzzleHttp\{closure}()
#2 /var/www/flarum/vendor/guzzlehttp/promises/src/Promise.php(158): GuzzleHttp\Promise\Promise::callHandler()
#3 /var/www/flarum/vendor/guzzlehttp/promises/src/TaskQueue.php(52): GuzzleHttp\Promise\Promise::GuzzleHttp\Promise\{closure}()
#4 /var/www/flarum/vendor/guzzlehttp/promises/src/Promise.php(251): GuzzleHttp\Promise\TaskQueue->run()
#5 /var/www/flarum/vendor/guzzlehttp/promises/src/Promise.php(227): GuzzleHttp\Promise\Promise->invokeWaitFn()
#6 /var/www/flarum/vendor/guzzlehttp/promises/src/Promise.php(272): GuzzleHttp\Promise\Promise->waitIfPending()
#7 /var/www/flarum/vendor/guzzlehttp/promises/src/Promise.php(229): GuzzleHttp\Promise\Promise->invokeWaitList()
#8 /var/www/flarum/vendor/guzzlehttp/promises/src/Promise.php(69): GuzzleHttp\Promise\Promise->waitIfPending()
#9 /var/www/flarum/vendor/guzzlehttp/guzzle/src/Client.php(189): GuzzleHttp\Promise\Promise->wait()
#10 /var/www/flarum/vendor/illuminate/mail/Transport/MailgunTransport.php(74): GuzzleHttp\Client->request()
#11 /var/www/flarum/vendor/swiftmailer/swiftmailer/lib/classes/Swift/Mailer.php(71): Illuminate\Mail\Transport\MailgunTransport->send()
#12 /var/www/flarum/vendor/illuminate/mail/Mailer.php(521): Swift_Mailer->send()
#13 /var/www/flarum/vendor/illuminate/mail/Mailer.php(288): Illuminate\Mail\Mailer->sendSwiftMessage()
#14 /var/www/flarum/vendor/illuminate/mail/Mailer.php(212): Illuminate\Mail\Mailer->send()
#15 /var/www/flarum/vendor/flarum/core/src/Api/Controller/SendTestMailController.php(40): Illuminate\Mail\Mailer->raw()
#16 /var/www/flarum/vendor/flarum/core/src/Http/RouteHandlerFactory.php(41): Flarum\Api\Controller\SendTestMailController->handle()
#17 /var/www/flarum/vendor/flarum/core/src/Http/Middleware/ExecuteRoute.php(27): Flarum\Http\RouteHandlerFactory->Flarum\Http\{closure}()
#18 /var/www/flarum/vendor/laminas/laminas-stratigility/src/Next.php(52): Flarum\Http\Middleware\ExecuteRoute->process()
#19 /var/www/flarum/vendor/flarum/core/src/Api/Middleware/ThrottleApi.php(33): Laminas\Stratigility\Next->handle()
#20 /var/www/flarum/vendor/laminas/laminas-stratigility/src/Next.php(52): Flarum\Api\Middleware\ThrottleApi->process()
#21 /var/www/flarum/vendor/flarum/core/src/Http/Middleware/CheckCsrfToken.php(44): Laminas\Stratigility\Next->handle()
#22 /var/www/flarum/vendor/laminas/laminas-stratigility/src/Next.php(52): Flarum\Http\Middleware\CheckCsrfToken->process()
#23 /var/www/flarum/vendor/flarum/core/src/Http/Middleware/ResolveRoute.php(69): Laminas\Stratigility\Next->handle()
#24 /var/www/flarum/vendor/laminas/laminas-stratigility/src/Next.php(52): Flarum\Http\Middleware\ResolveRoute->process()
#25 /var/www/flarum/vendor/flarum/core/src/Http/Middleware/SetLocale.php(51): Laminas\Stratigility\Next->handle()
#26 /var/www/flarum/vendor/laminas/laminas-stratigility/src/Next.php(52): Flarum\Http\Middleware\SetLocale->process()
#27 /var/www/flarum/vendor/flarum/core/src/Http/Middleware/AuthenticateWithHeader.php(58): Laminas\Stratigility\Next->handle()
#28 /var/www/flarum/vendor/laminas/laminas-stratigility/src/Next.php(52): Flarum\Http\Middleware\AuthenticateWithHeader->process()
#29 /var/www/flarum/vendor/flarum/core/src/Http/Middleware/AuthenticateWithSession.php(31): Laminas\Stratigility\Next->handle()
#30 /var/www/flarum/vendor/laminas/laminas-stratigility/src/Next.php(52): Flarum\Http\Middleware\AuthenticateWithSession->process()
#31 /var/www/flarum/vendor/flarum/core/src/Http/Middleware/RememberFromCookie.php(52): Laminas\Stratigility\Next->handle()
#32 /var/www/flarum/vendor/laminas/laminas-stratigility/src/Next.php(52): Flarum\Http\Middleware\RememberFromCookie->process()
#33 /var/www/flarum/vendor/flarum/core/src/Http/Middleware/StartSession.php(61): Laminas\Stratigility\Next->handle()
#34 /var/www/flarum/vendor/laminas/laminas-stratigility/src/Next.php(52): Flarum\Http\Middleware\StartSession->process()
#35 /var/www/flarum/vendor/flarum/core/src/Api/Middleware/FakeHttpMethods.php(29): Laminas\Stratigility\Next->handle()
#36 /var/www/flarum/vendor/laminas/laminas-stratigility/src/Next.php(52): Flarum\Api\Middleware\FakeHttpMethods->process()
#37 /var/www/flarum/vendor/flarum/core/src/Http/Middleware/ParseJsonBody.php(28): Laminas\Stratigility\Next->handle()
#38 /var/www/flarum/vendor/laminas/laminas-stratigility/src/Next.php(52): Flarum\Http\Middleware\ParseJsonBody->process()
#39 /var/www/flarum/vendor/flarum/core/src/Http/Middleware/HandleErrors.php(57): Laminas\Stratigility\Next->handle()
#40 /var/www/flarum/vendor/laminas/laminas-stratigility/src/Next.php(52): Flarum\Http\Middleware\HandleErrors->process()
#41 /var/www/flarum/vendor/flarum/core/src/Http/Middleware/InjectActorReference.php(25): Laminas\Stratigility\Next->handle()
#42 /var/www/flarum/vendor/laminas/laminas-stratigility/src/Next.php(52): Flarum\Http\Middleware\InjectActorReference->process()
#43 /var/www/flarum/vendor/laminas/laminas-stratigility/src/MiddlewarePipe.php(81): Laminas\Stratigility\Next->handle()
#44 /var/www/flarum/vendor/middlewares/request-handler/src/RequestHandler.php(84): Laminas\Stratigility\MiddlewarePipe->process()
#45 /var/www/flarum/vendor/laminas/laminas-stratigility/src/Next.php(52): Middlewares\RequestHandler->process()
#46 /var/www/flarum/vendor/middlewares/base-path-router/src/BasePathRouter.php(99): Laminas\Stratigility\Next->handle()
#47 /var/www/flarum/vendor/laminas/laminas-stratigility/src/Next.php(52): Middlewares\BasePathRouter->process()
#48 /var/www/flarum/vendor/laminas/laminas-stratigility/src/Middleware/OriginalMessages.php(36): Laminas\Stratigility\Next->handle()
#49 /var/www/flarum/vendor/laminas/laminas-stratigility/src/Next.php(52): Laminas\Stratigility\Middleware\OriginalMessages->process()
#50 /var/www/flarum/vendor/middlewares/base-path/src/BasePath.php(73): Laminas\Stratigility\Next->handle()
#51 /var/www/flarum/vendor/laminas/laminas-stratigility/src/Next.php(52): Middlewares\BasePath->process()
#52 /var/www/flarum/vendor/flarum/core/src/Http/Middleware/ProcessIp.php(24): Laminas\Stratigility\Next->handle()
#53 /var/www/flarum/vendor/laminas/laminas-stratigility/src/Next.php(52): Flarum\Http\Middleware\ProcessIp->process()
#54 /var/www/flarum/vendor/laminas/laminas-stratigility/src/MiddlewarePipe.php(81): Laminas\Stratigility\Next->handle()
#55 /var/www/flarum/vendor/laminas/laminas-stratigility/src/MiddlewarePipe.php(70): Laminas\Stratigility\MiddlewarePipe->process()
#56 /var/www/flarum/vendor/laminas/laminas-httphandlerrunner/src/RequestHandlerRunner.php(73): Laminas\Stratigility\MiddlewarePipe->handle()
#57 /var/www/flarum/vendor/flarum/core/src/Http/Server.php(45): Laminas\HttpHandlerRunner\RequestHandlerRunner->run()
#58 /var/www/flarum/public/index.php(26): Flarum\Http\Server->listen()
#59 {main}

Next Swift_TransportException: Request to Mailgun API failed. in /var/www/flarum/vendor/illuminate/mail/Transport/MailgunTransport.php:80
Stack trace:
#0 /var/www/flarum/vendor/swiftmailer/swiftmailer/lib/classes/Swift/Mailer.php(71): Illuminate\Mail\Transport\MailgunTransport->send()
#1 /var/www/flarum/vendor/illuminate/mail/Mailer.php(521): Swift_Mailer->send()
#2 /var/www/flarum/vendor/illuminate/mail/Mailer.php(288): Illuminate\Mail\Mailer->sendSwiftMessage()
#3 /var/www/flarum/vendor/illuminate/mail/Mailer.php(212): Illuminate\Mail\Mailer->send()
#4 /var/www/flarum/vendor/flarum/core/src/Api/Controller/SendTestMailController.php(40): Illuminate\Mail\Mailer->raw()
#5 /var/www/flarum/vendor/flarum/core/src/Http/RouteHandlerFactory.php(41): Flarum\Api\Controller\SendTestMailController->handle()
#6 /var/www/flarum/vendor/flarum/core/src/Http/Middleware/ExecuteRoute.php(27): Flarum\Http\RouteHandlerFactory->Flarum\Http\{closure}()
#7 /var/www/flarum/vendor/laminas/laminas-stratigility/src/Next.php(52): Flarum\Http\Middleware\ExecuteRoute->process()
#8 /var/www/flarum/vendor/flarum/core/src/Api/Middleware/ThrottleApi.php(33): Laminas\Stratigility\Next->handle()
#9 /var/www/flarum/vendor/laminas/laminas-stratigility/src/Next.php(52): Flarum\Api\Middleware\ThrottleApi->process()
#10 /var/www/flarum/vendor/flarum/core/src/Http/Middleware/CheckCsrfToken.php(44): Laminas\Stratigility\Next->handle()
#11 /var/www/flarum/vendor/laminas/laminas-stratigility/src/Next.php(52): Flarum\Http\Middleware\CheckCsrfToken->process()
#12 /var/www/flarum/vendor/flarum/core/src/Http/Middleware/ResolveRoute.php(69): Laminas\Stratigility\Next->handle()
#13 /var/www/flarum/vendor/laminas/laminas-stratigility/src/Next.php(52): Flarum\Http\Middleware\ResolveRoute->process()
#14 /var/www/flarum/vendor/flarum/core/src/Http/Middleware/SetLocale.php(51): Laminas\Stratigility\Next->handle()
#15 /var/www/flarum/vendor/laminas/laminas-stratigility/src/Next.php(52): Flarum\Http\Middleware\SetLocale->process()
#16 /var/www/flarum/vendor/flarum/core/src/Http/Middleware/AuthenticateWithHeader.php(58): Laminas\Stratigility\Next->handle()
#17 /var/www/flarum/vendor/laminas/laminas-stratigility/src/Next.php(52): Flarum\Http\Middleware\AuthenticateWithHeader->process()
#18 /var/www/flarum/vendor/flarum/core/src/Http/Middleware/AuthenticateWithSession.php(31): Laminas\Stratigility\Next->handle()
#19 /var/www/flarum/vendor/laminas/laminas-stratigility/src/Next.php(52): Flarum\Http\Middleware\AuthenticateWithSession->process()
#20 /var/www/flarum/vendor/flarum/core/src/Http/Middleware/RememberFromCookie.php(52): Laminas\Stratigility\Next->handle()
#21 /var/www/flarum/vendor/laminas/laminas-stratigility/src/Next.php(52): Flarum\Http\Middleware\RememberFromCookie->process()
#22 /var/www/flarum/vendor/flarum/core/src/Http/Middleware/StartSession.php(61): Laminas\Stratigility\Next->handle()
#23 /var/www/flarum/vendor/laminas/laminas-stratigility/src/Next.php(52): Flarum\Http\Middleware\StartSession->process()
#24 /var/www/flarum/vendor/flarum/core/src/Api/Middleware/FakeHttpMethods.php(29): Laminas\Stratigility\Next->handle()
#25 /var/www/flarum/vendor/laminas/laminas-stratigility/src/Next.php(52): Flarum\Api\Middleware\FakeHttpMethods->process()
#26 /var/www/flarum/vendor/flarum/core/src/Http/Middleware/ParseJsonBody.php(28): Laminas\Stratigility\Next->handle()
#27 /var/www/flarum/vendor/laminas/laminas-stratigility/src/Next.php(52): Flarum\Http\Middleware\ParseJsonBody->process()
#28 /var/www/flarum/vendor/flarum/core/src/Http/Middleware/HandleErrors.php(57): Laminas\Stratigility\Next->handle()
#29 /var/www/flarum/vendor/laminas/laminas-stratigility/src/Next.php(52): Flarum\Http\Middleware\HandleErrors->process()
#30 /var/www/flarum/vendor/flarum/core/src/Http/Middleware/InjectActorReference.php(25): Laminas\Stratigility\Next->handle()
#31 /var/www/flarum/vendor/laminas/laminas-stratigility/src/Next.php(52): Flarum\Http\Middleware\InjectActorReference->process()
#32 /var/www/flarum/vendor/laminas/laminas-stratigility/src/MiddlewarePipe.php(81): Laminas\Stratigility\Next->handle()
#33 /var/www/flarum/vendor/middlewares/request-handler/src/RequestHandler.php(84): Laminas\Stratigility\MiddlewarePipe->process()
#34 /var/www/flarum/vendor/laminas/laminas-stratigility/src/Next.php(52): Middlewares\RequestHandler->process()
#35 /var/www/flarum/vendor/middlewares/base-path-router/src/BasePathRouter.php(99): Laminas\Stratigility\Next->handle()
#36 /var/www/flarum/vendor/laminas/laminas-stratigility/src/Next.php(52): Middlewares\BasePathRouter->process()
#37 /var/www/flarum/vendor/laminas/laminas-stratigility/src/Middleware/OriginalMessages.php(36): Laminas\Stratigility\Next->handle()
#38 /var/www/flarum/vendor/laminas/laminas-stratigility/src/Next.php(52): Laminas\Stratigility\Middleware\OriginalMessages->process()
#39 /var/www/flarum/vendor/middlewares/base-path/src/BasePath.php(73): Laminas\Stratigility\Next->handle()
#40 /var/www/flarum/vendor/laminas/laminas-stratigility/src/Next.php(52): Middlewares\BasePath->process()
#41 /var/www/flarum/vendor/flarum/core/src/Http/Middleware/ProcessIp.php(24): Laminas\Stratigility\Next->handle()
#42 /var/www/flarum/vendor/laminas/laminas-stratigility/src/Next.php(52): Flarum\Http\Middleware\ProcessIp->process()
#43 /var/www/flarum/vendor/laminas/laminas-stratigility/src/MiddlewarePipe.php(81): Laminas\Stratigility\Next->handle()
#44 /var/www/flarum/vendor/laminas/laminas-stratigility/src/MiddlewarePipe.php(70): Laminas\Stratigility\MiddlewarePipe->process()
#45 /var/www/flarum/vendor/laminas/laminas-httphandlerrunner/src/RequestHandlerRunner.php(73): Laminas\Stratigility\MiddlewarePipe->handle()
#46 /var/www/flarum/vendor/flarum/core/src/Http/Server.php(45): Laminas\HttpHandlerRunner\RequestHandlerRunner->run()
#47 /var/www/flarum/public/index.php(26): Flarum\Http\Server->listen()
#48 {main}  
[2024-12-17 18:24:38] flarum.ERROR: Swift_TransportException: Failed to authenticate on SMTP server with username "sna@nova-austral.cl" using 3 possible authenticators. Authenticator CRAM-MD5 returned Expected response code 235 but got code "535", with message "535 5.7.8 Error: authentication failed: PDkxOTcxMzM1OTQ5NDQ4OTYuMTczNDQ1OTg2NUBhc210cC51bm9ldXJvLmNvbT4= - For help see https://simply.com/support/?s=smtp.simply.com
". Authenticator LOGIN returned Expected response code 235 but got code "535", with message "535 5.7.8 Error: authentication failed: UGFzc3dvcmQ6 - For help see https://simply.com/support/?s=smtp.simply.com
". Authenticator PLAIN returned Expected response code 250 but got code "421", with message "421 4.7.0 smtp.simply.com Error: too many errors - For help see https://simply.com/support/?s=smtp.simply.com
". in /var/www/flarum/vendor/swiftmailer/swiftmailer/lib/classes/Swift/Transport/Esmtp/AuthHandler.php:191
Stack trace:
#0 /var/www/flarum/vendor/swiftmailer/swiftmailer/lib/classes/Swift/Transport/EsmtpTransport.php(371): Swift_Transport_Esmtp_AuthHandler->afterEhlo()
#1 /var/www/flarum/vendor/swiftmailer/swiftmailer/lib/classes/Swift/Transport/AbstractSmtpTransport.php(148): Swift_Transport_EsmtpTransport->doHeloCommand()
#2 /var/www/flarum/vendor/swiftmailer/swiftmailer/lib/classes/Swift/Mailer.php(65): Swift_Transport_AbstractSmtpTransport->start()
#3 /var/www/flarum/vendor/illuminate/mail/Mailer.php(521): Swift_Mailer->send()
#4 /var/www/flarum/vendor/illuminate/mail/Mailer.php(288): Illuminate\Mail\Mailer->sendSwiftMessage()
#5 /var/www/flarum/vendor/illuminate/mail/Mailer.php(212): Illuminate\Mail\Mailer->send()
#6 /var/www/flarum/vendor/flarum/core/src/Api/Controller/SendTestMailController.php(40): Illuminate\Mail\Mailer->raw()
#7 /var/www/flarum/vendor/flarum/core/src/Http/RouteHandlerFactory.php(41): Flarum\Api\Controller\SendTestMailController->handle()
#8 /var/www/flarum/vendor/flarum/core/src/Http/Middleware/ExecuteRoute.php(27): Flarum\Http\RouteHandlerFactory->Flarum\Http\{closure}()
#9 /var/www/flarum/vendor/laminas/laminas-stratigility/src/Next.php(52): Flarum\Http\Middleware\ExecuteRoute->process()
#10 /var/www/flarum/vendor/flarum/core/src/Api/Middleware/ThrottleApi.php(33): Laminas\Stratigility\Next->handle()
#11 /var/www/flarum/vendor/laminas/laminas-stratigility/src/Next.php(52): Flarum\Api\Middleware\ThrottleApi->process()
#12 /var/www/flarum/vendor/flarum/core/src/Http/Middleware/CheckCsrfToken.php(44): Laminas\Stratigility\Next->handle()
#13 /var/www/flarum/vendor/laminas/laminas-stratigility/src/Next.php(52): Flarum\Http\Middleware\CheckCsrfToken->process()
#14 /var/www/flarum/vendor/flarum/core/src/Http/Middleware/ResolveRoute.php(69): Laminas\Stratigility\Next->handle()
#15 /var/www/flarum/vendor/laminas/laminas-stratigility/src/Next.php(52): Flarum\Http\Middleware\ResolveRoute->process()
#16 /var/www/flarum/vendor/flarum/core/src/Http/Middleware/SetLocale.php(51): Laminas\Stratigility\Next->handle()
#17 /var/www/flarum/vendor/laminas/laminas-stratigility/src/Next.php(52): Flarum\Http\Middleware\SetLocale->process()
#18 /var/www/flarum/vendor/flarum/core/src/Http/Middleware/AuthenticateWithHeader.php(58): Laminas\Stratigility\Next->handle()
#19 /var/www/flarum/vendor/laminas/laminas-stratigility/src/Next.php(52): Flarum\Http\Middleware\AuthenticateWithHeader->process()
#20 /var/www/flarum/vendor/flarum/core/src/Http/Middleware/AuthenticateWithSession.php(31): Laminas\Stratigility\Next->handle()
#21 /var/www/flarum/vendor/laminas/laminas-stratigility/src/Next.php(52): Flarum\Http\Middleware\AuthenticateWithSession->process()
#22 /var/www/flarum/vendor/flarum/core/src/Http/Middleware/RememberFromCookie.php(52): Laminas\Stratigility\Next->handle()
#23 /var/www/flarum/vendor/laminas/laminas-stratigility/src/Next.php(52): Flarum\Http\Middleware\RememberFromCookie->process()
#24 /var/www/flarum/vendor/flarum/core/src/Http/Middleware/StartSession.php(61): Laminas\Stratigility\Next->handle()
#25 /var/www/flarum/vendor/laminas/laminas-stratigility/src/Next.php(52): Flarum\Http\Middleware\StartSession->process()
#26 /var/www/flarum/vendor/flarum/core/src/Api/Middleware/FakeHttpMethods.php(29): Laminas\Stratigility\Next->handle()
#27 /var/www/flarum/vendor/laminas/laminas-stratigility/src/Next.php(52): Flarum\Api\Middleware\FakeHttpMethods->process()
#28 /var/www/flarum/vendor/flarum/core/src/Http/Middleware/ParseJsonBody.php(28): Laminas\Stratigility\Next->handle()
#29 /var/www/flarum/vendor/laminas/laminas-stratigility/src/Next.php(52): Flarum\Http\Middleware\ParseJsonBody->process()
#30 /var/www/flarum/vendor/flarum/core/src/Http/Middleware/HandleErrors.php(57): Laminas\Stratigility\Next->handle()
#31 /var/www/flarum/vendor/laminas/laminas-stratigility/src/Next.php(52): Flarum\Http\Middleware\HandleErrors->process()
#32 /var/www/flarum/vendor/flarum/core/src/Http/Middleware/InjectActorReference.php(25): Laminas\Stratigility\Next->handle()
#33 /var/www/flarum/vendor/laminas/laminas-stratigility/src/Next.php(52): Flarum\Http\Middleware\InjectActorReference->process()
#34 /var/www/flarum/vendor/laminas/laminas-stratigility/src/MiddlewarePipe.php(81): Laminas\Stratigility\Next->handle()
#35 /var/www/flarum/vendor/middlewares/request-handler/src/RequestHandler.php(84): Laminas\Stratigility\MiddlewarePipe->process()
#36 /var/www/flarum/vendor/laminas/laminas-stratigility/src/Next.php(52): Middlewares\RequestHandler->process()
#37 /var/www/flarum/vendor/middlewares/base-path-router/src/BasePathRouter.php(99): Laminas\Stratigility\Next->handle()
#38 /var/www/flarum/vendor/laminas/laminas-stratigility/src/Next.php(52): Middlewares\BasePathRouter->process()
#39 /var/www/flarum/vendor/laminas/laminas-stratigility/src/Middleware/OriginalMessages.php(36): Laminas\Stratigility\Next->handle()
#40 /var/www/flarum/vendor/laminas/laminas-stratigility/src/Next.php(52): Laminas\Stratigility\Middleware\OriginalMessages->process()
#41 /var/www/flarum/vendor/middlewares/base-path/src/BasePath.php(73): Laminas\Stratigility\Next->handle()
#42 /var/www/flarum/vendor/laminas/laminas-stratigility/src/Next.php(52): Middlewares\BasePath->process()
#43 /var/www/flarum/vendor/flarum/core/src/Http/Middleware/ProcessIp.php(24): Laminas\Stratigility\Next->handle()
#44 /var/www/flarum/vendor/laminas/laminas-stratigility/src/Next.php(52): Flarum\Http\Middleware\ProcessIp->process()
#45 /var/www/flarum/vendor/laminas/laminas-stratigility/src/MiddlewarePipe.php(81): Laminas\Stratigility\Next->handle()
#46 /var/www/flarum/vendor/laminas/laminas-stratigility/src/MiddlewarePipe.php(70): Laminas\Stratigility\MiddlewarePipe->process()
#47 /var/www/flarum/vendor/laminas/laminas-httphandlerrunner/src/RequestHandlerRunner.php(73): Laminas\Stratigility\MiddlewarePipe->handle()
#48 /var/www/flarum/vendor/flarum/core/src/Http/Server.php(45): Laminas\HttpHandlerRunner\RequestHandlerRunner->run()
#49 /var/www/flarum/public/index.php(26): Flarum\Http\Server->listen()
#50 {main}  
[2024-12-17 18:25:42] flarum.ERROR: Swift_TransportException: Failed to authenticate on SMTP server with username "sna@nova-austral.cl" using 3 possible authenticators. Authenticator CRAM-MD5 returned Expected response code 235 but got code "535", with message "535 5.7.8 Error: authentication failed: PDg2NjE0ODYzODI4ODY1NjUuMTczNDQ1OTkyOUBhc210cC51bm9ldXJvLmNvbT4= - For help see https://simply.com/support/?s=smtp.simply.com
". Authenticator LOGIN returned Expected response code 235 but got code "535", with message "535 5.7.8 Error: authentication failed: UGFzc3dvcmQ6 - For help see https://simply.com/support/?s=smtp.simply.com
". Authenticator PLAIN returned Expected response code 250 but got code "421", with message "421 4.7.0 smtp.simply.com Error: too many errors - For help see https://simply.com/support/?s=smtp.simply.com
". in /var/www/flarum/vendor/swiftmailer/swiftmailer/lib/classes/Swift/Transport/Esmtp/AuthHandler.php:191
Stack trace:
#0 /var/www/flarum/vendor/swiftmailer/swiftmailer/lib/classes/Swift/Transport/EsmtpTransport.php(371): Swift_Transport_Esmtp_AuthHandler->afterEhlo()
#1 /var/www/flarum/vendor/swiftmailer/swiftmailer/lib/classes/Swift/Transport/AbstractSmtpTransport.php(148): Swift_Transport_EsmtpTransport->doHeloCommand()
#2 /var/www/flarum/vendor/swiftmailer/swiftmailer/lib/classes/Swift/Mailer.php(65): Swift_Transport_AbstractSmtpTransport->start()
#3 /var/www/flarum/vendor/illuminate/mail/Mailer.php(521): Swift_Mailer->send()
#4 /var/www/flarum/vendor/illuminate/mail/Mailer.php(288): Illuminate\Mail\Mailer->sendSwiftMessage()
#5 /var/www/flarum/vendor/illuminate/mail/Mailer.php(212): Illuminate\Mail\Mailer->send()
#6 /var/www/flarum/vendor/flarum/core/src/Api/Controller/SendTestMailController.php(40): Illuminate\Mail\Mailer->raw()
#7 /var/www/flarum/vendor/flarum/core/src/Http/RouteHandlerFactory.php(41): Flarum\Api\Controller\SendTestMailController->handle()
#8 /var/www/flarum/vendor/flarum/core/src/Http/Middleware/ExecuteRoute.php(27): Flarum\Http\RouteHandlerFactory->Flarum\Http\{closure}()
#9 /var/www/flarum/vendor/laminas/laminas-stratigility/src/Next.php(52): Flarum\Http\Middleware\ExecuteRoute->process()
#10 /var/www/flarum/vendor/flarum/core/src/Api/Middleware/ThrottleApi.php(33): Laminas\Stratigility\Next->handle()
#11 /var/www/flarum/vendor/laminas/laminas-stratigility/src/Next.php(52): Flarum\Api\Middleware\ThrottleApi->process()
#12 /var/www/flarum/vendor/flarum/core/src/Http/Middleware/CheckCsrfToken.php(44): Laminas\Stratigility\Next->handle()
#13 /var/www/flarum/vendor/laminas/laminas-stratigility/src/Next.php(52): Flarum\Http\Middleware\CheckCsrfToken->process()
#14 /var/www/flarum/vendor/flarum/core/src/Http/Middleware/ResolveRoute.php(69): Laminas\Stratigility\Next->handle()
#15 /var/www/flarum/vendor/laminas/laminas-stratigility/src/Next.php(52): Flarum\Http\Middleware\ResolveRoute->process()
#16 /var/www/flarum/vendor/flarum/core/src/Http/Middleware/SetLocale.php(51): Laminas\Stratigility\Next->handle()
#17 /var/www/flarum/vendor/laminas/laminas-stratigility/src/Next.php(52): Flarum\Http\Middleware\SetLocale->process()
#18 /var/www/flarum/vendor/flarum/core/src/Http/Middleware/AuthenticateWithHeader.php(58): Laminas\Stratigility\Next->handle()
#19 /var/www/flarum/vendor/laminas/laminas-stratigility/src/Next.php(52): Flarum\Http\Middleware\AuthenticateWithHeader->process()
#20 /var/www/flarum/vendor/flarum/core/src/Http/Middleware/AuthenticateWithSession.php(31): Laminas\Stratigility\Next->handle()
#21 /var/www/flarum/vendor/laminas/laminas-stratigility/src/Next.php(52): Flarum\Http\Middleware\AuthenticateWithSession->process()
#22 /var/www/flarum/vendor/flarum/core/src/Http/Middleware/RememberFromCookie.php(52): Laminas\Stratigility\Next->handle()
#23 /var/www/flarum/vendor/laminas/laminas-stratigility/src/Next.php(52): Flarum\Http\Middleware\RememberFromCookie->process()
#24 /var/www/flarum/vendor/flarum/core/src/Http/Middleware/StartSession.php(61): Laminas\Stratigility\Next->handle()
#25 /var/www/flarum/vendor/laminas/laminas-stratigility/src/Next.php(52): Flarum\Http\Middleware\StartSession->process()
#26 /var/www/flarum/vendor/flarum/core/src/Api/Middleware/FakeHttpMethods.php(29): Laminas\Stratigility\Next->handle()
#27 /var/www/flarum/vendor/laminas/laminas-stratigility/src/Next.php(52): Flarum\Api\Middleware\FakeHttpMethods->process()
#28 /var/www/flarum/vendor/flarum/core/src/Http/Middleware/ParseJsonBody.php(28): Laminas\Stratigility\Next->handle()
#29 /var/www/flarum/vendor/laminas/laminas-stratigility/src/Next.php(52): Flarum\Http\Middleware\ParseJsonBody->process()
#30 /var/www/flarum/vendor/flarum/core/src/Http/Middleware/HandleErrors.php(57): Laminas\Stratigility\Next->handle()
#31 /var/www/flarum/vendor/laminas/laminas-stratigility/src/Next.php(52): Flarum\Http\Middleware\HandleErrors->process()
#32 /var/www/flarum/vendor/flarum/core/src/Http/Middleware/InjectActorReference.php(25): Laminas\Stratigility\Next->handle()
#33 /var/www/flarum/vendor/laminas/laminas-stratigility/src/Next.php(52): Flarum\Http\Middleware\InjectActorReference->process()
#34 /var/www/flarum/vendor/laminas/laminas-stratigility/src/MiddlewarePipe.php(81): Laminas\Stratigility\Next->handle()
#35 /var/www/flarum/vendor/middlewares/request-handler/src/RequestHandler.php(84): Laminas\Stratigility\MiddlewarePipe->process()
#36 /var/www/flarum/vendor/laminas/laminas-stratigility/src/Next.php(52): Middlewares\RequestHandler->process()
#37 /var/www/flarum/vendor/middlewares/base-path-router/src/BasePathRouter.php(99): Laminas\Stratigility\Next->handle()
#38 /var/www/flarum/vendor/laminas/laminas-stratigility/src/Next.php(52): Middlewares\BasePathRouter->process()
#39 /var/www/flarum/vendor/laminas/laminas-stratigility/src/Middleware/OriginalMessages.php(36): Laminas\Stratigility\Next->handle()
#40 /var/www/flarum/vendor/laminas/laminas-stratigility/src/Next.php(52): Laminas\Stratigility\Middleware\OriginalMessages->process()
#41 /var/www/flarum/vendor/middlewares/base-path/src/BasePath.php(73): Laminas\Stratigility\Next->handle()
#42 /var/www/flarum/vendor/laminas/laminas-stratigility/src/Next.php(52): Middlewares\BasePath->process()
#43 /var/www/flarum/vendor/flarum/core/src/Http/Middleware/ProcessIp.php(24): Laminas\Stratigility\Next->handle()
#44 /var/www/flarum/vendor/laminas/laminas-stratigility/src/Next.php(52): Flarum\Http\Middleware\ProcessIp->process()
#45 /var/www/flarum/vendor/laminas/laminas-stratigility/src/MiddlewarePipe.php(81): Laminas\Stratigility\Next->handle()
#46 /var/www/flarum/vendor/laminas/laminas-stratigility/src/MiddlewarePipe.php(70): Laminas\Stratigility\MiddlewarePipe->process()
#47 /var/www/flarum/vendor/laminas/laminas-httphandlerrunner/src/RequestHandlerRunner.php(73): Laminas\Stratigility\MiddlewarePipe->handle()
#48 /var/www/flarum/vendor/flarum/core/src/Http/Server.php(45): Laminas\HttpHandlerRunner\RequestHandlerRunner->run()
#49 /var/www/flarum/public/index.php(26): Flarum\Http\Server->listen()
#50 {main}  
[2024-12-17 18:26:13] flarum.ERROR: Swift_TransportException: Connection could not be established with host smtp.simply.com :stream_socket_client(): SSL operation failed with code 1. OpenSSL Error messages:
error:0A00010B:SSL routines::wrong version number in /var/www/flarum/vendor/swiftmailer/swiftmailer/lib/classes/Swift/Transport/StreamBuffer.php:261
Stack trace:
#0 [internal function]: Swift_Transport_StreamBuffer->{closure}()
#1 /var/www/flarum/vendor/swiftmailer/swiftmailer/lib/classes/Swift/Transport/StreamBuffer.php(264): stream_socket_client()
#2 /var/www/flarum/vendor/swiftmailer/swiftmailer/lib/classes/Swift/Transport/StreamBuffer.php(58): Swift_Transport_StreamBuffer->establishSocketConnection()
#3 /var/www/flarum/vendor/swiftmailer/swiftmailer/lib/classes/Swift/Transport/AbstractSmtpTransport.php(143): Swift_Transport_StreamBuffer->initialize()
#4 /var/www/flarum/vendor/swiftmailer/swiftmailer/lib/classes/Swift/Mailer.php(65): Swift_Transport_AbstractSmtpTransport->start()
#5 /var/www/flarum/vendor/illuminate/mail/Mailer.php(521): Swift_Mailer->send()
#6 /var/www/flarum/vendor/illuminate/mail/Mailer.php(288): Illuminate\Mail\Mailer->sendSwiftMessage()
#7 /var/www/flarum/vendor/illuminate/mail/Mailer.php(212): Illuminate\Mail\Mailer->send()
#8 /var/www/flarum/vendor/flarum/core/src/Api/Controller/SendTestMailController.php(40): Illuminate\Mail\Mailer->raw()
#9 /var/www/flarum/vendor/flarum/core/src/Http/RouteHandlerFactory.php(41): Flarum\Api\Controller\SendTestMailController->handle()
#10 /var/www/flarum/vendor/flarum/core/src/Http/Middleware/ExecuteRoute.php(27): Flarum\Http\RouteHandlerFactory->Flarum\Http\{closure}()
#11 /var/www/flarum/vendor/laminas/laminas-stratigility/src/Next.php(52): Flarum\Http\Middleware\ExecuteRoute->process()
#12 /var/www/flarum/vendor/flarum/core/src/Api/Middleware/ThrottleApi.php(33): Laminas\Stratigility\Next->handle()
#13 /var/www/flarum/vendor/laminas/laminas-stratigility/src/Next.php(52): Flarum\Api\Middleware\ThrottleApi->process()
#14 /var/www/flarum/vendor/flarum/core/src/Http/Middleware/CheckCsrfToken.php(44): Laminas\Stratigility\Next->handle()
#15 /var/www/flarum/vendor/laminas/laminas-stratigility/src/Next.php(52): Flarum\Http\Middleware\CheckCsrfToken->process()
#16 /var/www/flarum/vendor/flarum/core/src/Http/Middleware/ResolveRoute.php(69): Laminas\Stratigility\Next->handle()
#17 /var/www/flarum/vendor/laminas/laminas-stratigility/src/Next.php(52): Flarum\Http\Middleware\ResolveRoute->process()
#18 /var/www/flarum/vendor/flarum/core/src/Http/Middleware/SetLocale.php(51): Laminas\Stratigility\Next->handle()
#19 /var/www/flarum/vendor/laminas/laminas-stratigility/src/Next.php(52): Flarum\Http\Middleware\SetLocale->process()
#20 /var/www/flarum/vendor/flarum/core/src/Http/Middleware/AuthenticateWithHeader.php(58): Laminas\Stratigility\Next->handle()
#21 /var/www/flarum/vendor/laminas/laminas-stratigility/src/Next.php(52): Flarum\Http\Middleware\AuthenticateWithHeader->process()
#22 /var/www/flarum/vendor/flarum/core/src/Http/Middleware/AuthenticateWithSession.php(31): Laminas\Stratigility\Next->handle()
#23 /var/www/flarum/vendor/laminas/laminas-stratigility/src/Next.php(52): Flarum\Http\Middleware\AuthenticateWithSession->process()
#24 /var/www/flarum/vendor/flarum/core/src/Http/Middleware/RememberFromCookie.php(52): Laminas\Stratigility\Next->handle()
#25 /var/www/flarum/vendor/laminas/laminas-stratigility/src/Next.php(52): Flarum\Http\Middleware\RememberFromCookie->process()
#26 /var/www/flarum/vendor/flarum/core/src/Http/Middleware/StartSession.php(61): Laminas\Stratigility\Next->handle()
#27 /var/www/flarum/vendor/laminas/laminas-stratigility/src/Next.php(52): Flarum\Http\Middleware\StartSession->process()
#28 /var/www/flarum/vendor/flarum/core/src/Api/Middleware/FakeHttpMethods.php(29): Laminas\Stratigility\Next->handle()
#29 /var/www/flarum/vendor/laminas/laminas-stratigility/src/Next.php(52): Flarum\Api\Middleware\FakeHttpMethods->process()
#30 /var/www/flarum/vendor/flarum/core/src/Http/Middleware/ParseJsonBody.php(28): Laminas\Stratigility\Next->handle()
#31 /var/www/flarum/vendor/laminas/laminas-stratigility/src/Next.php(52): Flarum\Http\Middleware\ParseJsonBody->process()
#32 /var/www/flarum/vendor/flarum/core/src/Http/Middleware/HandleErrors.php(57): Laminas\Stratigility\Next->handle()
#33 /var/www/flarum/vendor/laminas/laminas-stratigility/src/Next.php(52): Flarum\Http\Middleware\HandleErrors->process()
#34 /var/www/flarum/vendor/flarum/core/src/Http/Middleware/InjectActorReference.php(25): Laminas\Stratigility\Next->handle()
#35 /var/www/flarum/vendor/laminas/laminas-stratigility/src/Next.php(52): Flarum\Http\Middleware\InjectActorReference->process()
#36 /var/www/flarum/vendor/laminas/laminas-stratigility/src/MiddlewarePipe.php(81): Laminas\Stratigility\Next->handle()
#37 /var/www/flarum/vendor/middlewares/request-handler/src/RequestHandler.php(84): Laminas\Stratigility\MiddlewarePipe->process()
#38 /var/www/flarum/vendor/laminas/laminas-stratigility/src/Next.php(52): Middlewares\RequestHandler->process()
#39 /var/www/flarum/vendor/middlewares/base-path-router/src/BasePathRouter.php(99): Laminas\Stratigility\Next->handle()
#40 /var/www/flarum/vendor/laminas/laminas-stratigility/src/Next.php(52): Middlewares\BasePathRouter->process()
#41 /var/www/flarum/vendor/laminas/laminas-stratigility/src/Middleware/OriginalMessages.php(36): Laminas\Stratigility\Next->handle()
#42 /var/www/flarum/vendor/laminas/laminas-stratigility/src/Next.php(52): Laminas\Stratigility\Middleware\OriginalMessages->process()
#43 /var/www/flarum/vendor/middlewares/base-path/src/BasePath.php(73): Laminas\Stratigility\Next->handle()
#44 /var/www/flarum/vendor/laminas/laminas-stratigility/src/Next.php(52): Middlewares\BasePath->process()
#45 /var/www/flarum/vendor/flarum/core/src/Http/Middleware/ProcessIp.php(24): Laminas\Stratigility\Next->handle()
#46 /var/www/flarum/vendor/laminas/laminas-stratigility/src/Next.php(52): Flarum\Http\Middleware\ProcessIp->process()
#47 /var/www/flarum/vendor/laminas/laminas-stratigility/src/MiddlewarePipe.php(81): Laminas\Stratigility\Next->handle()
#48 /var/www/flarum/vendor/laminas/laminas-stratigility/src/MiddlewarePipe.php(70): Laminas\Stratigility\MiddlewarePipe->process()
#49 /var/www/flarum/vendor/laminas/laminas-httphandlerrunner/src/RequestHandlerRunner.php(73): Laminas\Stratigility\MiddlewarePipe->handle()
#50 /var/www/flarum/vendor/flarum/core/src/Http/Server.php(45): Laminas\HttpHandlerRunner\RequestHandlerRunner->run()
#51 /var/www/flarum/public/index.php(26): Flarum\Http\Server->listen()
#52 {main}  
[2024-12-17 18:26:41] flarum.ERROR: Swift_RfcComplianceException: Address in mailbox given [smtp.simply.com] does not comply with RFC 2822, 3.6.2. in /var/www/flarum/vendor/swiftmailer/swiftmailer/lib/classes/Swift/Mime/Headers/MailboxHeader.php:355
Stack trace:
#0 /var/www/flarum/vendor/swiftmailer/swiftmailer/lib/classes/Swift/Mime/Headers/MailboxHeader.php(272): Swift_Mime_Headers_MailboxHeader->assertValidAddress()
#1 /var/www/flarum/vendor/swiftmailer/swiftmailer/lib/classes/Swift/Mime/Headers/MailboxHeader.php(117): Swift_Mime_Headers_MailboxHeader->normalizeMailboxes()
#2 /var/www/flarum/vendor/swiftmailer/swiftmailer/lib/classes/Swift/Mime/Headers/MailboxHeader.php(74): Swift_Mime_Headers_MailboxHeader->setNameAddresses()
#3 /var/www/flarum/vendor/swiftmailer/swiftmailer/lib/classes/Swift/Mime/SimpleMimeEntity.php(600): Swift_Mime_Headers_MailboxHeader->setFieldBodyModel()
#4 /var/www/flarum/vendor/swiftmailer/swiftmailer/lib/classes/Swift/Mime/SimpleMessage.php(213): Swift_Mime_SimpleMimeEntity->setHeaderFieldModel()
#5 /var/www/flarum/vendor/illuminate/mail/Message.php(50): Swift_Mime_SimpleMessage->setFrom()
#6 /var/www/flarum/vendor/illuminate/mail/Mailer.php(493): Illuminate\Mail\Message->from()
#7 /var/www/flarum/vendor/illuminate/mail/Mailer.php(266): Illuminate\Mail\Mailer->createMessage()
#8 /var/www/flarum/vendor/illuminate/mail/Mailer.php(212): Illuminate\Mail\Mailer->send()
#9 /var/www/flarum/vendor/flarum/core/src/Api/Controller/SendTestMailController.php(40): Illuminate\Mail\Mailer->raw()
#10 /var/www/flarum/vendor/flarum/core/src/Http/RouteHandlerFactory.php(41): Flarum\Api\Controller\SendTestMailController->handle()
#11 /var/www/flarum/vendor/flarum/core/src/Http/Middleware/ExecuteRoute.php(27): Flarum\Http\RouteHandlerFactory->Flarum\Http\{closure}()
#12 /var/www/flarum/vendor/laminas/laminas-stratigility/src/Next.php(52): Flarum\Http\Middleware\ExecuteRoute->process()
#13 /var/www/flarum/vendor/flarum/core/src/Api/Middleware/ThrottleApi.php(33): Laminas\Stratigility\Next->handle()
#14 /var/www/flarum/vendor/laminas/laminas-stratigility/src/Next.php(52): Flarum\Api\Middleware\ThrottleApi->process()
#15 /var/www/flarum/vendor/flarum/core/src/Http/Middleware/CheckCsrfToken.php(44): Laminas\Stratigility\Next->handle()
#16 /var/www/flarum/vendor/laminas/laminas-stratigility/src/Next.php(52): Flarum\Http\Middleware\CheckCsrfToken->process()
#17 /var/www/flarum/vendor/flarum/core/src/Http/Middleware/ResolveRoute.php(69): Laminas\Stratigility\Next->handle()
#18 /var/www/flarum/vendor/laminas/laminas-stratigility/src/Next.php(52): Flarum\Http\Middleware\ResolveRoute->process()
#19 /var/www/flarum/vendor/flarum/core/src/Http/Middleware/SetLocale.php(51): Laminas\Stratigility\Next->handle()
#20 /var/www/flarum/vendor/laminas/laminas-stratigility/src/Next.php(52): Flarum\Http\Middleware\SetLocale->process()
#21 /var/www/flarum/vendor/flarum/core/src/Http/Middleware/AuthenticateWithHeader.php(58): Laminas\Stratigility\Next->handle()
#22 /var/www/flarum/vendor/laminas/laminas-stratigility/src/Next.php(52): Flarum\Http\Middleware\AuthenticateWithHeader->process()
#23 /var/www/flarum/vendor/flarum/core/src/Http/Middleware/AuthenticateWithSession.php(31): Laminas\Stratigility\Next->handle()
#24 /var/www/flarum/vendor/laminas/laminas-stratigility/src/Next.php(52): Flarum\Http\Middleware\AuthenticateWithSession->process()
#25 /var/www/flarum/vendor/flarum/core/src/Http/Middleware/RememberFromCookie.php(52): Laminas\Stratigility\Next->handle()
#26 /var/www/flarum/vendor/laminas/laminas-stratigility/src/Next.php(52): Flarum\Http\Middleware\RememberFromCookie->process()
#27 /var/www/flarum/vendor/flarum/core/src/Http/Middleware/StartSession.php(61): Laminas\Stratigility\Next->handle()
#28 /var/www/flarum/vendor/laminas/laminas-stratigility/src/Next.php(52): Flarum\Http\Middleware\StartSession->process()
#29 /var/www/flarum/vendor/flarum/core/src/Api/Middleware/FakeHttpMethods.php(29): Laminas\Stratigility\Next->handle()
#30 /var/www/flarum/vendor/laminas/laminas-stratigility/src/Next.php(52): Flarum\Api\Middleware\FakeHttpMethods->process()
#31 /var/www/flarum/vendor/flarum/core/src/Http/Middleware/ParseJsonBody.php(28): Laminas\Stratigility\Next->handle()
#32 /var/www/flarum/vendor/laminas/laminas-stratigility/src/Next.php(52): Flarum\Http\Middleware\ParseJsonBody->process()
#33 /var/www/flarum/vendor/flarum/core/src/Http/Middleware/HandleErrors.php(57): Laminas\Stratigility\Next->handle()
#34 /var/www/flarum/vendor/laminas/laminas-stratigility/src/Next.php(52): Flarum\Http\Middleware\HandleErrors->process()
#35 /var/www/flarum/vendor/flarum/core/src/Http/Middleware/InjectActorReference.php(25): Laminas\Stratigility\Next->handle()
#36 /var/www/flarum/vendor/laminas/laminas-stratigility/src/Next.php(52): Flarum\Http\Middleware\InjectActorReference->process()
#37 /var/www/flarum/vendor/laminas/laminas-stratigility/src/MiddlewarePipe.php(81): Laminas\Stratigility\Next->handle()
#38 /var/www/flarum/vendor/middlewares/request-handler/src/RequestHandler.php(84): Laminas\Stratigility\MiddlewarePipe->process()
#39 /var/www/flarum/vendor/laminas/laminas-stratigility/src/Next.php(52): Middlewares\RequestHandler->process()
#40 /var/www/flarum/vendor/middlewares/base-path-router/src/BasePathRouter.php(99): Laminas\Stratigility\Next->handle()
#41 /var/www/flarum/vendor/laminas/laminas-stratigility/src/Next.php(52): Middlewares\BasePathRouter->process()
#42 /var/www/flarum/vendor/laminas/laminas-stratigility/src/Middleware/OriginalMessages.php(36): Laminas\Stratigility\Next->handle()
#43 /var/www/flarum/vendor/laminas/laminas-stratigility/src/Next.php(52): Laminas\Stratigility\Middleware\OriginalMessages->process()
#44 /var/www/flarum/vendor/middlewares/base-path/src/BasePath.php(73): Laminas\Stratigility\Next->handle()
#45 /var/www/flarum/vendor/laminas/laminas-stratigility/src/Next.php(52): Middlewares\BasePath->process()
#46 /var/www/flarum/vendor/flarum/core/src/Http/Middleware/ProcessIp.php(24): Laminas\Stratigility\Next->handle()
#47 /var/www/flarum/vendor/laminas/laminas-stratigility/src/Next.php(52): Flarum\Http\Middleware\ProcessIp->process()
#48 /var/www/flarum/vendor/laminas/laminas-stratigility/src/MiddlewarePipe.php(81): Laminas\Stratigility\Next->handle()
#49 /var/www/flarum/vendor/laminas/laminas-stratigility/src/MiddlewarePipe.php(70): Laminas\Stratigility\MiddlewarePipe->process()
#50 /var/www/flarum/vendor/laminas/laminas-httphandlerrunner/src/RequestHandlerRunner.php(73): Laminas\Stratigility\MiddlewarePipe->handle()
#51 /var/www/flarum/vendor/flarum/core/src/Http/Server.php(45): Laminas\HttpHandlerRunner\RequestHandlerRunner->run()
#52 /var/www/flarum/public/index.php(26): Flarum\Http\Server->listen()
#53 {main}  
[2024-12-17 18:26:48] flarum.ERROR: Swift_RfcComplianceException: Address in mailbox given [smtp.simply.com] does not comply with RFC 2822, 3.6.2. in /var/www/flarum/vendor/swiftmailer/swiftmailer/lib/classes/Swift/Mime/Headers/MailboxHeader.php:355
Stack trace:
#0 /var/www/flarum/vendor/swiftmailer/swiftmailer/lib/classes/Swift/Mime/Headers/MailboxHeader.php(272): Swift_Mime_Headers_MailboxHeader->assertValidAddress()
#1 /var/www/flarum/vendor/swiftmailer/swiftmailer/lib/classes/Swift/Mime/Headers/MailboxHeader.php(117): Swift_Mime_Headers_MailboxHeader->normalizeMailboxes()
#2 /var/www/flarum/vendor/swiftmailer/swiftmailer/lib/classes/Swift/Mime/Headers/MailboxHeader.php(74): Swift_Mime_Headers_MailboxHeader->setNameAddresses()
#3 /var/www/flarum/vendor/swiftmailer/swiftmailer/lib/classes/Swift/Mime/SimpleMimeEntity.php(600): Swift_Mime_Headers_MailboxHeader->setFieldBodyModel()
#4 /var/www/flarum/vendor/swiftmailer/swiftmailer/lib/classes/Swift/Mime/SimpleMessage.php(213): Swift_Mime_SimpleMimeEntity->setHeaderFieldModel()
#5 /var/www/flarum/vendor/illuminate/mail/Message.php(50): Swift_Mime_SimpleMessage->setFrom()
#6 /var/www/flarum/vendor/illuminate/mail/Mailer.php(493): Illuminate\Mail\Message->from()
#7 /var/www/flarum/vendor/illuminate/mail/Mailer.php(266): Illuminate\Mail\Mailer->createMessage()
#8 /var/www/flarum/vendor/illuminate/mail/Mailer.php(212): Illuminate\Mail\Mailer->send()
#9 /var/www/flarum/vendor/flarum/core/src/Api/Controller/SendTestMailController.php(40): Illuminate\Mail\Mailer->raw()
#10 /var/www/flarum/vendor/flarum/core/src/Http/RouteHandlerFactory.php(41): Flarum\Api\Controller\SendTestMailController->handle()
#11 /var/www/flarum/vendor/flarum/core/src/Http/Middleware/ExecuteRoute.php(27): Flarum\Http\RouteHandlerFactory->Flarum\Http\{closure}()
#12 /var/www/flarum/vendor/laminas/laminas-stratigility/src/Next.php(52): Flarum\Http\Middleware\ExecuteRoute->process()
#13 /var/www/flarum/vendor/flarum/core/src/Api/Middleware/ThrottleApi.php(33): Laminas\Stratigility\Next->handle()
#14 /var/www/flarum/vendor/laminas/laminas-stratigility/src/Next.php(52): Flarum\Api\Middleware\ThrottleApi->process()
#15 /var/www/flarum/vendor/flarum/core/src/Http/Middleware/CheckCsrfToken.php(44): Laminas\Stratigility\Next->handle()
#16 /var/www/flarum/vendor/laminas/laminas-stratigility/src/Next.php(52): Flarum\Http\Middleware\CheckCsrfToken->process()
#17 /var/www/flarum/vendor/flarum/core/src/Http/Middleware/ResolveRoute.php(69): Laminas\Stratigility\Next->handle()
#18 /var/www/flarum/vendor/laminas/laminas-stratigility/src/Next.php(52): Flarum\Http\Middleware\ResolveRoute->process()
#19 /var/www/flarum/vendor/flarum/core/src/Http/Middleware/SetLocale.php(51): Laminas\Stratigility\Next->handle()
#20 /var/www/flarum/vendor/laminas/laminas-stratigility/src/Next.php(52): Flarum\Http\Middleware\SetLocale->process()
#21 /var/www/flarum/vendor/flarum/core/src/Http/Middleware/AuthenticateWithHeader.php(58): Laminas\Stratigility\Next->handle()
#22 /var/www/flarum/vendor/laminas/laminas-stratigility/src/Next.php(52): Flarum\Http\Middleware\AuthenticateWithHeader->process()
#23 /var/www/flarum/vendor/flarum/core/src/Http/Middleware/AuthenticateWithSession.php(31): Laminas\Stratigility\Next->handle()
#24 /var/www/flarum/vendor/laminas/laminas-stratigility/src/Next.php(52): Flarum\Http\Middleware\AuthenticateWithSession->process()
#25 /var/www/flarum/vendor/flarum/core/src/Http/Middleware/RememberFromCookie.php(52): Laminas\Stratigility\Next->handle()
#26 /var/www/flarum/vendor/laminas/laminas-stratigility/src/Next.php(52): Flarum\Http\Middleware\RememberFromCookie->process()
#27 /var/www/flarum/vendor/flarum/core/src/Http/Middleware/StartSession.php(61): Laminas\Stratigility\Next->handle()
#28 /var/www/flarum/vendor/laminas/laminas-stratigility/src/Next.php(52): Flarum\Http\Middleware\StartSession->process()
#29 /var/www/flarum/vendor/flarum/core/src/Api/Middleware/FakeHttpMethods.php(29): Laminas\Stratigility\Next->handle()
#30 /var/www/flarum/vendor/laminas/laminas-stratigility/src/Next.php(52): Flarum\Api\Middleware\FakeHttpMethods->process()
#31 /var/www/flarum/vendor/flarum/core/src/Http/Middleware/ParseJsonBody.php(28): Laminas\Stratigility\Next->handle()
#32 /var/www/flarum/vendor/laminas/laminas-stratigility/src/Next.php(52): Flarum\Http\Middleware\ParseJsonBody->process()
#33 /var/www/flarum/vendor/flarum/core/src/Http/Middleware/HandleErrors.php(57): Laminas\Stratigility\Next->handle()
#34 /var/www/flarum/vendor/laminas/laminas-stratigility/src/Next.php(52): Flarum\Http\Middleware\HandleErrors->process()
#35 /var/www/flarum/vendor/flarum/core/src/Http/Middleware/InjectActorReference.php(25): Laminas\Stratigility\Next->handle()
#36 /var/www/flarum/vendor/laminas/laminas-stratigility/src/Next.php(52): Flarum\Http\Middleware\InjectActorReference->process()
#37 /var/www/flarum/vendor/laminas/laminas-stratigility/src/MiddlewarePipe.php(81): Laminas\Stratigility\Next->handle()
#38 /var/www/flarum/vendor/middlewares/request-handler/src/RequestHandler.php(84): Laminas\Stratigility\MiddlewarePipe->process()
#39 /var/www/flarum/vendor/laminas/laminas-stratigility/src/Next.php(52): Middlewares\RequestHandler->process()
#40 /var/www/flarum/vendor/middlewares/base-path-router/src/BasePathRouter.php(99): Laminas\Stratigility\Next->handle()
#41 /var/www/flarum/vendor/laminas/laminas-stratigility/src/Next.php(52): Middlewares\BasePathRouter->process()
#42 /var/www/flarum/vendor/laminas/laminas-stratigility/src/Middleware/OriginalMessages.php(36): Laminas\Stratigility\Next->handle()
#43 /var/www/flarum/vendor/laminas/laminas-stratigility/src/Next.php(52): Laminas\Stratigility\Middleware\OriginalMessages->process()
#44 /var/www/flarum/vendor/middlewares/base-path/src/BasePath.php(73): Laminas\Stratigility\Next->handle()
#45 /var/www/flarum/vendor/laminas/laminas-stratigility/src/Next.php(52): Middlewares\BasePath->process()
#46 /var/www/flarum/vendor/flarum/core/src/Http/Middleware/ProcessIp.php(24): Laminas\Stratigility\Next->handle()
#47 /var/www/flarum/vendor/laminas/laminas-stratigility/src/Next.php(52): Flarum\Http\Middleware\ProcessIp->process()
#48 /var/www/flarum/vendor/laminas/laminas-stratigility/src/MiddlewarePipe.php(81): Laminas\Stratigility\Next->handle()
#49 /var/www/flarum/vendor/laminas/laminas-stratigility/src/MiddlewarePipe.php(70): Laminas\Stratigility\MiddlewarePipe->process()
#50 /var/www/flarum/vendor/laminas/laminas-httphandlerrunner/src/RequestHandlerRunner.php(73): Laminas\Stratigility\MiddlewarePipe->handle()
#51 /var/www/flarum/vendor/flarum/core/src/Http/Server.php(45): Laminas\HttpHandlerRunner\RequestHandlerRunner->run()
#52 /var/www/flarum/public/index.php(26): Flarum\Http\Server->listen()
#53 {main}  
