[2024-12-18 04:00:48] flarum.ERROR: Swift_RfcComplianceException: Address in mailbox given [smtp.simply.com] does not comply with RFC 2822, 3.6.2. in /var/www/flarum/vendor/swiftmailer/swiftmailer/lib/classes/Swift/Mime/Headers/MailboxHeader.php:355
Stack trace:
#0 /var/www/flarum/vendor/swiftmailer/swiftmailer/lib/classes/Swift/Mime/Headers/MailboxHeader.php(272): Swift_Mime_Headers_MailboxHeader->assertValidAddress()
#1 /var/www/flarum/vendor/swiftmailer/swiftmailer/lib/classes/Swift/Mime/Headers/MailboxHeader.php(117): Swift_Mime_Headers_MailboxHeader->normalizeMailboxes()
#2 /var/www/flarum/vendor/swiftmailer/swiftmailer/lib/classes/Swift/Mime/Headers/MailboxHeader.php(74): Swift_Mime_Headers_MailboxHeader->setNameAddresses()
#3 /var/www/flarum/vendor/swiftmailer/swiftmailer/lib/classes/Swift/Mime/SimpleMimeEntity.php(600): Swift_Mime_Headers_MailboxHeader->setFieldBodyModel()
#4 /var/www/flarum/vendor/swiftmailer/swiftmailer/lib/classes/Swift/Mime/SimpleMessage.php(213): Swift_Mime_SimpleMimeEntity->setHeaderFieldModel()
#5 /var/www/flarum/vendor/illuminate/mail/Message.php(50): Swift_Mime_SimpleMessage->setFrom()
#6 /var/www/flarum/vendor/illuminate/mail/Mailer.php(493): Illuminate\Mail\Message->from()
#7 /var/www/flarum/vendor/illuminate/mail/Mailer.php(266): Illuminate\Mail\Mailer->createMessage()
#8 /var/www/flarum/vendor/illuminate/mail/Mailer.php(212): Illuminate\Mail\Mailer->send()
#9 /var/www/flarum/vendor/flarum/core/src/Api/Controller/SendTestMailController.php(40): Illuminate\Mail\Mailer->raw()
#10 /var/www/flarum/vendor/flarum/core/src/Http/RouteHandlerFactory.php(41): Flarum\Api\Controller\SendTestMailController->handle()
#11 /var/www/flarum/vendor/flarum/core/src/Http/Middleware/ExecuteRoute.php(27): Flarum\Http\RouteHandlerFactory->Flarum\Http\{closure}()
#12 /var/www/flarum/vendor/laminas/laminas-stratigility/src/Next.php(52): Flarum\Http\Middleware\ExecuteRoute->process()
#13 /var/www/flarum/vendor/flarum/core/src/Api/Middleware/ThrottleApi.php(33): Laminas\Stratigility\Next->handle()
#14 /var/www/flarum/vendor/laminas/laminas-stratigility/src/Next.php(52): Flarum\Api\Middleware\ThrottleApi->process()
#15 /var/www/flarum/vendor/flarum/core/src/Http/Middleware/CheckCsrfToken.php(44): Laminas\Stratigility\Next->handle()
#16 /var/www/flarum/vendor/laminas/laminas-stratigility/src/Next.php(52): Flarum\Http\Middleware\CheckCsrfToken->process()
#17 /var/www/flarum/vendor/flarum/core/src/Http/Middleware/ResolveRoute.php(69): Laminas\Stratigility\Next->handle()
#18 /var/www/flarum/vendor/laminas/laminas-stratigility/src/Next.php(52): Flarum\Http\Middleware\ResolveRoute->process()
#19 /var/www/flarum/vendor/flarum/core/src/Http/Middleware/SetLocale.php(51): Laminas\Stratigility\Next->handle()
#20 /var/www/flarum/vendor/laminas/laminas-stratigility/src/Next.php(52): Flarum\Http\Middleware\SetLocale->process()
#21 /var/www/flarum/vendor/flarum/core/src/Http/Middleware/AuthenticateWithHeader.php(58): Laminas\Stratigility\Next->handle()
#22 /var/www/flarum/vendor/laminas/laminas-stratigility/src/Next.php(52): Flarum\Http\Middleware\AuthenticateWithHeader->process()
#23 /var/www/flarum/vendor/flarum/core/src/Http/Middleware/AuthenticateWithSession.php(31): Laminas\Stratigility\Next->handle()
#24 /var/www/flarum/vendor/laminas/laminas-stratigility/src/Next.php(52): Flarum\Http\Middleware\AuthenticateWithSession->process()
#25 /var/www/flarum/vendor/flarum/core/src/Http/Middleware/RememberFromCookie.php(52): Laminas\Stratigility\Next->handle()
#26 /var/www/flarum/vendor/laminas/laminas-stratigility/src/Next.php(52): Flarum\Http\Middleware\RememberFromCookie->process()
#27 /var/www/flarum/vendor/flarum/core/src/Http/Middleware/StartSession.php(61): Laminas\Stratigility\Next->handle()
#28 /var/www/flarum/vendor/laminas/laminas-stratigility/src/Next.php(52): Flarum\Http\Middleware\StartSession->process()
#29 /var/www/flarum/vendor/flarum/core/src/Api/Middleware/FakeHttpMethods.php(29): Laminas\Stratigility\Next->handle()
#30 /var/www/flarum/vendor/laminas/laminas-stratigility/src/Next.php(52): Flarum\Api\Middleware\FakeHttpMethods->process()
#31 /var/www/flarum/vendor/flarum/core/src/Http/Middleware/ParseJsonBody.php(28): Laminas\Stratigility\Next->handle()
#32 /var/www/flarum/vendor/laminas/laminas-stratigility/src/Next.php(52): Flarum\Http\Middleware\ParseJsonBody->process()
#33 /var/www/flarum/vendor/flarum/core/src/Http/Middleware/HandleErrors.php(57): Laminas\Stratigility\Next->handle()
#34 /var/www/flarum/vendor/laminas/laminas-stratigility/src/Next.php(52): Flarum\Http\Middleware\HandleErrors->process()
#35 /var/www/flarum/vendor/flarum/core/src/Http/Middleware/InjectActorReference.php(25): Laminas\Stratigility\Next->handle()
#36 /var/www/flarum/vendor/laminas/laminas-stratigility/src/Next.php(52): Flarum\Http\Middleware\InjectActorReference->process()
#37 /var/www/flarum/vendor/laminas/laminas-stratigility/src/MiddlewarePipe.php(81): Laminas\Stratigility\Next->handle()
#38 /var/www/flarum/vendor/middlewares/request-handler/src/RequestHandler.php(84): Laminas\Stratigility\MiddlewarePipe->process()
#39 /var/www/flarum/vendor/laminas/laminas-stratigility/src/Next.php(52): Middlewares\RequestHandler->process()
#40 /var/www/flarum/vendor/middlewares/base-path-router/src/BasePathRouter.php(99): Laminas\Stratigility\Next->handle()
#41 /var/www/flarum/vendor/laminas/laminas-stratigility/src/Next.php(52): Middlewares\BasePathRouter->process()
#42 /var/www/flarum/vendor/laminas/laminas-stratigility/src/Middleware/OriginalMessages.php(36): Laminas\Stratigility\Next->handle()
#43 /var/www/flarum/vendor/laminas/laminas-stratigility/src/Next.php(52): Laminas\Stratigility\Middleware\OriginalMessages->process()
#44 /var/www/flarum/vendor/middlewares/base-path/src/BasePath.php(73): Laminas\Stratigility\Next->handle()
#45 /var/www/flarum/vendor/laminas/laminas-stratigility/src/Next.php(52): Middlewares\BasePath->process()
#46 /var/www/flarum/vendor/flarum/core/src/Http/Middleware/ProcessIp.php(24): Laminas\Stratigility\Next->handle()
#47 /var/www/flarum/vendor/laminas/laminas-stratigility/src/Next.php(52): Flarum\Http\Middleware\ProcessIp->process()
#48 /var/www/flarum/vendor/laminas/laminas-stratigility/src/MiddlewarePipe.php(81): Laminas\Stratigility\Next->handle()
#49 /var/www/flarum/vendor/laminas/laminas-stratigility/src/MiddlewarePipe.php(70): Laminas\Stratigility\MiddlewarePipe->process()
#50 /var/www/flarum/vendor/laminas/laminas-httphandlerrunner/src/RequestHandlerRunner.php(73): Laminas\Stratigility\MiddlewarePipe->handle()
#51 /var/www/flarum/vendor/flarum/core/src/Http/Server.php(45): Laminas\HttpHandlerRunner\RequestHandlerRunner->run()
#52 /var/www/flarum/public/index.php(26): Flarum\Http\Server->listen()
#53 {main}  
[2024-12-18 04:24:38] flarum.ERROR: Swift_TransportException: Failed to authenticate on SMTP server with username "sna@nova-austral.cl" using 3 possible authenticators. Authenticator CRAM-MD5 returned Expected response code 235 but got code "535", with message "535 5.7.8 Error: authentication failed: PDkzNTkwMTM1NjI4MTQ3NDcuMTczNDQ5NTg2NUBhc210cC51bm9ldXJvLmNvbT4= - For help see https://simply.com/support/?s=smtp.simply.com
". Authenticator LOGIN returned Expected response code 235 but got code "535", with message "535 5.7.8 Error: authentication failed: UGFzc3dvcmQ6 - For help see https://simply.com/support/?s=smtp.simply.com
". Authenticator PLAIN returned Expected response code 250 but got code "421", with message "421 4.7.0 smtp.simply.com Error: too many errors - For help see https://simply.com/support/?s=smtp.simply.com
". in /var/www/flarum/vendor/swiftmailer/swiftmailer/lib/classes/Swift/Transport/Esmtp/AuthHandler.php:191
Stack trace:
#0 /var/www/flarum/vendor/swiftmailer/swiftmailer/lib/classes/Swift/Transport/EsmtpTransport.php(371): Swift_Transport_Esmtp_AuthHandler->afterEhlo()
#1 /var/www/flarum/vendor/swiftmailer/swiftmailer/lib/classes/Swift/Transport/AbstractSmtpTransport.php(148): Swift_Transport_EsmtpTransport->doHeloCommand()
#2 /var/www/flarum/vendor/swiftmailer/swiftmailer/lib/classes/Swift/Mailer.php(65): Swift_Transport_AbstractSmtpTransport->start()
#3 /var/www/flarum/vendor/illuminate/mail/Mailer.php(521): Swift_Mailer->send()
#4 /var/www/flarum/vendor/illuminate/mail/Mailer.php(288): Illuminate\Mail\Mailer->sendSwiftMessage()
#5 /var/www/flarum/vendor/illuminate/mail/Mailer.php(212): Illuminate\Mail\Mailer->send()
#6 /var/www/flarum/vendor/flarum/core/src/Api/Controller/SendTestMailController.php(40): Illuminate\Mail\Mailer->raw()
#7 /var/www/flarum/vendor/flarum/core/src/Http/RouteHandlerFactory.php(41): Flarum\Api\Controller\SendTestMailController->handle()
#8 /var/www/flarum/vendor/flarum/core/src/Http/Middleware/ExecuteRoute.php(27): Flarum\Http\RouteHandlerFactory->Flarum\Http\{closure}()
#9 /var/www/flarum/vendor/laminas/laminas-stratigility/src/Next.php(52): Flarum\Http\Middleware\ExecuteRoute->process()
#10 /var/www/flarum/vendor/flarum/core/src/Api/Middleware/ThrottleApi.php(33): Laminas\Stratigility\Next->handle()
#11 /var/www/flarum/vendor/laminas/laminas-stratigility/src/Next.php(52): Flarum\Api\Middleware\ThrottleApi->process()
#12 /var/www/flarum/vendor/flarum/core/src/Http/Middleware/CheckCsrfToken.php(44): Laminas\Stratigility\Next->handle()
#13 /var/www/flarum/vendor/laminas/laminas-stratigility/src/Next.php(52): Flarum\Http\Middleware\CheckCsrfToken->process()
#14 /var/www/flarum/vendor/flarum/core/src/Http/Middleware/ResolveRoute.php(69): Laminas\Stratigility\Next->handle()
#15 /var/www/flarum/vendor/laminas/laminas-stratigility/src/Next.php(52): Flarum\Http\Middleware\ResolveRoute->process()
#16 /var/www/flarum/vendor/flarum/core/src/Http/Middleware/SetLocale.php(51): Laminas\Stratigility\Next->handle()
#17 /var/www/flarum/vendor/laminas/laminas-stratigility/src/Next.php(52): Flarum\Http\Middleware\SetLocale->process()
#18 /var/www/flarum/vendor/flarum/core/src/Http/Middleware/AuthenticateWithHeader.php(58): Laminas\Stratigility\Next->handle()
#19 /var/www/flarum/vendor/laminas/laminas-stratigility/src/Next.php(52): Flarum\Http\Middleware\AuthenticateWithHeader->process()
#20 /var/www/flarum/vendor/flarum/core/src/Http/Middleware/AuthenticateWithSession.php(31): Laminas\Stratigility\Next->handle()
#21 /var/www/flarum/vendor/laminas/laminas-stratigility/src/Next.php(52): Flarum\Http\Middleware\AuthenticateWithSession->process()
#22 /var/www/flarum/vendor/flarum/core/src/Http/Middleware/RememberFromCookie.php(52): Laminas\Stratigility\Next->handle()
#23 /var/www/flarum/vendor/laminas/laminas-stratigility/src/Next.php(52): Flarum\Http\Middleware\RememberFromCookie->process()
#24 /var/www/flarum/vendor/flarum/core/src/Http/Middleware/StartSession.php(61): Laminas\Stratigility\Next->handle()
#25 /var/www/flarum/vendor/laminas/laminas-stratigility/src/Next.php(52): Flarum\Http\Middleware\StartSession->process()
#26 /var/www/flarum/vendor/flarum/core/src/Api/Middleware/FakeHttpMethods.php(29): Laminas\Stratigility\Next->handle()
#27 /var/www/flarum/vendor/laminas/laminas-stratigility/src/Next.php(52): Flarum\Api\Middleware\FakeHttpMethods->process()
#28 /var/www/flarum/vendor/flarum/core/src/Http/Middleware/ParseJsonBody.php(28): Laminas\Stratigility\Next->handle()
#29 /var/www/flarum/vendor/laminas/laminas-stratigility/src/Next.php(52): Flarum\Http\Middleware\ParseJsonBody->process()
#30 /var/www/flarum/vendor/flarum/core/src/Http/Middleware/HandleErrors.php(57): Laminas\Stratigility\Next->handle()
#31 /var/www/flarum/vendor/laminas/laminas-stratigility/src/Next.php(52): Flarum\Http\Middleware\HandleErrors->process()
#32 /var/www/flarum/vendor/flarum/core/src/Http/Middleware/InjectActorReference.php(25): Laminas\Stratigility\Next->handle()
#33 /var/www/flarum/vendor/laminas/laminas-stratigility/src/Next.php(52): Flarum\Http\Middleware\InjectActorReference->process()
#34 /var/www/flarum/vendor/laminas/laminas-stratigility/src/MiddlewarePipe.php(81): Laminas\Stratigility\Next->handle()
#35 /var/www/flarum/vendor/middlewares/request-handler/src/RequestHandler.php(84): Laminas\Stratigility\MiddlewarePipe->process()
#36 /var/www/flarum/vendor/laminas/laminas-stratigility/src/Next.php(52): Middlewares\RequestHandler->process()
#37 /var/www/flarum/vendor/middlewares/base-path-router/src/BasePathRouter.php(99): Laminas\Stratigility\Next->handle()
#38 /var/www/flarum/vendor/laminas/laminas-stratigility/src/Next.php(52): Middlewares\BasePathRouter->process()
#39 /var/www/flarum/vendor/laminas/laminas-stratigility/src/Middleware/OriginalMessages.php(36): Laminas\Stratigility\Next->handle()
#40 /var/www/flarum/vendor/laminas/laminas-stratigility/src/Next.php(52): Laminas\Stratigility\Middleware\OriginalMessages->process()
#41 /var/www/flarum/vendor/middlewares/base-path/src/BasePath.php(73): Laminas\Stratigility\Next->handle()
#42 /var/www/flarum/vendor/laminas/laminas-stratigility/src/Next.php(52): Middlewares\BasePath->process()
#43 /var/www/flarum/vendor/flarum/core/src/Http/Middleware/ProcessIp.php(24): Laminas\Stratigility\Next->handle()
#44 /var/www/flarum/vendor/laminas/laminas-stratigility/src/Next.php(52): Flarum\Http\Middleware\ProcessIp->process()
#45 /var/www/flarum/vendor/laminas/laminas-stratigility/src/MiddlewarePipe.php(81): Laminas\Stratigility\Next->handle()
#46 /var/www/flarum/vendor/laminas/laminas-stratigility/src/MiddlewarePipe.php(70): Laminas\Stratigility\MiddlewarePipe->process()
#47 /var/www/flarum/vendor/laminas/laminas-httphandlerrunner/src/RequestHandlerRunner.php(73): Laminas\Stratigility\MiddlewarePipe->handle()
#48 /var/www/flarum/vendor/flarum/core/src/Http/Server.php(45): Laminas\HttpHandlerRunner\RequestHandlerRunner->run()
#49 /var/www/flarum/public/index.php(26): Flarum\Http\Server->listen()
#50 {main}  
[2024-12-18 04:29:06] flarum.ERROR: Swift_TransportException: Failed to authenticate on SMTP server with username "sna@nova-austral.cl" using 3 possible authenticators. Authenticator CRAM-MD5 returned Expected response code 235 but got code "535", with message "535 5.7.8 Error: authentication failed: PDg1MjYyODE2OTE0NjAwOTguMTczNDQ5NjEzMkBhc210cC51bm9ldXJvLmNvbT4= - For help see https://simply.com/support/?s=smtp.simply.com
". Authenticator LOGIN returned Expected response code 235 but got code "535", with message "535 5.7.8 Error: authentication failed: UGFzc3dvcmQ6 - For help see https://simply.com/support/?s=smtp.simply.com
". Authenticator PLAIN returned Expected response code 235 but got code "535", with message "535 5.7.8 Error: authentication failed: UGFzc3dvcmQ6 - For help see https://simply.com/support/?s=smtp.simply.com
". in /var/www/flarum/vendor/swiftmailer/swiftmailer/lib/classes/Swift/Transport/Esmtp/AuthHandler.php:191
Stack trace:
#0 /var/www/flarum/vendor/swiftmailer/swiftmailer/lib/classes/Swift/Transport/EsmtpTransport.php(371): Swift_Transport_Esmtp_AuthHandler->afterEhlo()
#1 /var/www/flarum/vendor/swiftmailer/swiftmailer/lib/classes/Swift/Transport/AbstractSmtpTransport.php(148): Swift_Transport_EsmtpTransport->doHeloCommand()
#2 /var/www/flarum/vendor/swiftmailer/swiftmailer/lib/classes/Swift/Mailer.php(65): Swift_Transport_AbstractSmtpTransport->start()
#3 /var/www/flarum/vendor/illuminate/mail/Mailer.php(521): Swift_Mailer->send()
#4 /var/www/flarum/vendor/illuminate/mail/Mailer.php(288): Illuminate\Mail\Mailer->sendSwiftMessage()
#5 /var/www/flarum/vendor/illuminate/mail/Mailer.php(212): Illuminate\Mail\Mailer->send()
#6 /var/www/flarum/vendor/flarum/core/src/Api/Controller/SendTestMailController.php(40): Illuminate\Mail\Mailer->raw()
#7 /var/www/flarum/vendor/flarum/core/src/Http/RouteHandlerFactory.php(41): Flarum\Api\Controller\SendTestMailController->handle()
#8 /var/www/flarum/vendor/flarum/core/src/Http/Middleware/ExecuteRoute.php(27): Flarum\Http\RouteHandlerFactory->Flarum\Http\{closure}()
#9 /var/www/flarum/vendor/laminas/laminas-stratigility/src/Next.php(52): Flarum\Http\Middleware\ExecuteRoute->process()
#10 /var/www/flarum/vendor/flarum/core/src/Api/Middleware/ThrottleApi.php(33): Laminas\Stratigility\Next->handle()
#11 /var/www/flarum/vendor/laminas/laminas-stratigility/src/Next.php(52): Flarum\Api\Middleware\ThrottleApi->process()
#12 /var/www/flarum/vendor/flarum/core/src/Http/Middleware/CheckCsrfToken.php(44): Laminas\Stratigility\Next->handle()
#13 /var/www/flarum/vendor/laminas/laminas-stratigility/src/Next.php(52): Flarum\Http\Middleware\CheckCsrfToken->process()
#14 /var/www/flarum/vendor/flarum/core/src/Http/Middleware/ResolveRoute.php(69): Laminas\Stratigility\Next->handle()
#15 /var/www/flarum/vendor/laminas/laminas-stratigility/src/Next.php(52): Flarum\Http\Middleware\ResolveRoute->process()
#16 /var/www/flarum/vendor/flarum/core/src/Http/Middleware/SetLocale.php(51): Laminas\Stratigility\Next->handle()
#17 /var/www/flarum/vendor/laminas/laminas-stratigility/src/Next.php(52): Flarum\Http\Middleware\SetLocale->process()
#18 /var/www/flarum/vendor/flarum/core/src/Http/Middleware/AuthenticateWithHeader.php(58): Laminas\Stratigility\Next->handle()
#19 /var/www/flarum/vendor/laminas/laminas-stratigility/src/Next.php(52): Flarum\Http\Middleware\AuthenticateWithHeader->process()
#20 /var/www/flarum/vendor/flarum/core/src/Http/Middleware/AuthenticateWithSession.php(31): Laminas\Stratigility\Next->handle()
#21 /var/www/flarum/vendor/laminas/laminas-stratigility/src/Next.php(52): Flarum\Http\Middleware\AuthenticateWithSession->process()
#22 /var/www/flarum/vendor/flarum/core/src/Http/Middleware/RememberFromCookie.php(52): Laminas\Stratigility\Next->handle()
#23 /var/www/flarum/vendor/laminas/laminas-stratigility/src/Next.php(52): Flarum\Http\Middleware\RememberFromCookie->process()
#24 /var/www/flarum/vendor/flarum/core/src/Http/Middleware/StartSession.php(61): Laminas\Stratigility\Next->handle()
#25 /var/www/flarum/vendor/laminas/laminas-stratigility/src/Next.php(52): Flarum\Http\Middleware\StartSession->process()
#26 /var/www/flarum/vendor/flarum/core/src/Api/Middleware/FakeHttpMethods.php(29): Laminas\Stratigility\Next->handle()
#27 /var/www/flarum/vendor/laminas/laminas-stratigility/src/Next.php(52): Flarum\Api\Middleware\FakeHttpMethods->process()
#28 /var/www/flarum/vendor/flarum/core/src/Http/Middleware/ParseJsonBody.php(28): Laminas\Stratigility\Next->handle()
#29 /var/www/flarum/vendor/laminas/laminas-stratigility/src/Next.php(52): Flarum\Http\Middleware\ParseJsonBody->process()
#30 /var/www/flarum/vendor/flarum/core/src/Http/Middleware/HandleErrors.php(57): Laminas\Stratigility\Next->handle()
#31 /var/www/flarum/vendor/laminas/laminas-stratigility/src/Next.php(52): Flarum\Http\Middleware\HandleErrors->process()
#32 /var/www/flarum/vendor/flarum/core/src/Http/Middleware/InjectActorReference.php(25): Laminas\Stratigility\Next->handle()
#33 /var/www/flarum/vendor/laminas/laminas-stratigility/src/Next.php(52): Flarum\Http\Middleware\InjectActorReference->process()
#34 /var/www/flarum/vendor/laminas/laminas-stratigility/src/MiddlewarePipe.php(81): Laminas\Stratigility\Next->handle()
#35 /var/www/flarum/vendor/middlewares/request-handler/src/RequestHandler.php(84): Laminas\Stratigility\MiddlewarePipe->process()
#36 /var/www/flarum/vendor/laminas/laminas-stratigility/src/Next.php(52): Middlewares\RequestHandler->process()
#37 /var/www/flarum/vendor/middlewares/base-path-router/src/BasePathRouter.php(99): Laminas\Stratigility\Next->handle()
#38 /var/www/flarum/vendor/laminas/laminas-stratigility/src/Next.php(52): Middlewares\BasePathRouter->process()
#39 /var/www/flarum/vendor/laminas/laminas-stratigility/src/Middleware/OriginalMessages.php(36): Laminas\Stratigility\Next->handle()
#40 /var/www/flarum/vendor/laminas/laminas-stratigility/src/Next.php(52): Laminas\Stratigility\Middleware\OriginalMessages->process()
#41 /var/www/flarum/vendor/middlewares/base-path/src/BasePath.php(73): Laminas\Stratigility\Next->handle()
#42 /var/www/flarum/vendor/laminas/laminas-stratigility/src/Next.php(52): Middlewares\BasePath->process()
#43 /var/www/flarum/vendor/flarum/core/src/Http/Middleware/ProcessIp.php(24): Laminas\Stratigility\Next->handle()
#44 /var/www/flarum/vendor/laminas/laminas-stratigility/src/Next.php(52): Flarum\Http\Middleware\ProcessIp->process()
#45 /var/www/flarum/vendor/laminas/laminas-stratigility/src/MiddlewarePipe.php(81): Laminas\Stratigility\Next->handle()
#46 /var/www/flarum/vendor/laminas/laminas-stratigility/src/MiddlewarePipe.php(70): Laminas\Stratigility\MiddlewarePipe->process()
#47 /var/www/flarum/vendor/laminas/laminas-httphandlerrunner/src/RequestHandlerRunner.php(73): Laminas\Stratigility\MiddlewarePipe->handle()
#48 /var/www/flarum/vendor/flarum/core/src/Http/Server.php(45): Laminas\HttpHandlerRunner\RequestHandlerRunner->run()
#49 /var/www/flarum/public/index.php(26): Flarum\Http\Server->listen()
#50 {main}  
[2024-12-18 04:31:10] flarum.ERROR: Swift_TransportException: Failed to authenticate on SMTP server with username "sna@nova-austral.cl" using 3 possible authenticators. Authenticator CRAM-MD5 returned Expected response code 235 but got code "535", with message "535 5.7.8 Error: authentication failed: PDE3MTIwNzYwMTQ0MzM0MzEuMTczNDQ5NjI1N0Bhc210cC51bm9ldXJvLmNvbT4= - For help see https://simply.com/support/?s=smtp.simply.com
". Authenticator LOGIN returned Expected response code 235 but got code "535", with message "535 5.7.8 Error: authentication failed: UGFzc3dvcmQ6 - For help see https://simply.com/support/?s=smtp.simply.com
". Authenticator PLAIN returned Expected response code 235 but got code "535", with message "535 5.7.8 Error: authentication failed: UGFzc3dvcmQ6 - For help see https://simply.com/support/?s=smtp.simply.com
". in /var/www/flarum/vendor/swiftmailer/swiftmailer/lib/classes/Swift/Transport/Esmtp/AuthHandler.php:191
Stack trace:
#0 /var/www/flarum/vendor/swiftmailer/swiftmailer/lib/classes/Swift/Transport/EsmtpTransport.php(371): Swift_Transport_Esmtp_AuthHandler->afterEhlo()
#1 /var/www/flarum/vendor/swiftmailer/swiftmailer/lib/classes/Swift/Transport/AbstractSmtpTransport.php(148): Swift_Transport_EsmtpTransport->doHeloCommand()
#2 /var/www/flarum/vendor/swiftmailer/swiftmailer/lib/classes/Swift/Mailer.php(65): Swift_Transport_AbstractSmtpTransport->start()
#3 /var/www/flarum/vendor/illuminate/mail/Mailer.php(521): Swift_Mailer->send()
#4 /var/www/flarum/vendor/illuminate/mail/Mailer.php(288): Illuminate\Mail\Mailer->sendSwiftMessage()
#5 /var/www/flarum/vendor/illuminate/mail/Mailer.php(212): Illuminate\Mail\Mailer->send()
#6 /var/www/flarum/vendor/flarum/core/src/Api/Controller/SendTestMailController.php(40): Illuminate\Mail\Mailer->raw()
#7 /var/www/flarum/vendor/flarum/core/src/Http/RouteHandlerFactory.php(41): Flarum\Api\Controller\SendTestMailController->handle()
#8 /var/www/flarum/vendor/flarum/core/src/Http/Middleware/ExecuteRoute.php(27): Flarum\Http\RouteHandlerFactory->Flarum\Http\{closure}()
#9 /var/www/flarum/vendor/laminas/laminas-stratigility/src/Next.php(52): Flarum\Http\Middleware\ExecuteRoute->process()
#10 /var/www/flarum/vendor/flarum/core/src/Api/Middleware/ThrottleApi.php(33): Laminas\Stratigility\Next->handle()
#11 /var/www/flarum/vendor/laminas/laminas-stratigility/src/Next.php(52): Flarum\Api\Middleware\ThrottleApi->process()
#12 /var/www/flarum/vendor/flarum/core/src/Http/Middleware/CheckCsrfToken.php(44): Laminas\Stratigility\Next->handle()
#13 /var/www/flarum/vendor/laminas/laminas-stratigility/src/Next.php(52): Flarum\Http\Middleware\CheckCsrfToken->process()
#14 /var/www/flarum/vendor/flarum/core/src/Http/Middleware/ResolveRoute.php(69): Laminas\Stratigility\Next->handle()
#15 /var/www/flarum/vendor/laminas/laminas-stratigility/src/Next.php(52): Flarum\Http\Middleware\ResolveRoute->process()
#16 /var/www/flarum/vendor/flarum/core/src/Http/Middleware/SetLocale.php(51): Laminas\Stratigility\Next->handle()
#17 /var/www/flarum/vendor/laminas/laminas-stratigility/src/Next.php(52): Flarum\Http\Middleware\SetLocale->process()
#18 /var/www/flarum/vendor/flarum/core/src/Http/Middleware/AuthenticateWithHeader.php(58): Laminas\Stratigility\Next->handle()
#19 /var/www/flarum/vendor/laminas/laminas-stratigility/src/Next.php(52): Flarum\Http\Middleware\AuthenticateWithHeader->process()
#20 /var/www/flarum/vendor/flarum/core/src/Http/Middleware/AuthenticateWithSession.php(31): Laminas\Stratigility\Next->handle()
#21 /var/www/flarum/vendor/laminas/laminas-stratigility/src/Next.php(52): Flarum\Http\Middleware\AuthenticateWithSession->process()
#22 /var/www/flarum/vendor/flarum/core/src/Http/Middleware/RememberFromCookie.php(52): Laminas\Stratigility\Next->handle()
#23 /var/www/flarum/vendor/laminas/laminas-stratigility/src/Next.php(52): Flarum\Http\Middleware\RememberFromCookie->process()
#24 /var/www/flarum/vendor/flarum/core/src/Http/Middleware/StartSession.php(61): Laminas\Stratigility\Next->handle()
#25 /var/www/flarum/vendor/laminas/laminas-stratigility/src/Next.php(52): Flarum\Http\Middleware\StartSession->process()
#26 /var/www/flarum/vendor/flarum/core/src/Api/Middleware/FakeHttpMethods.php(29): Laminas\Stratigility\Next->handle()
#27 /var/www/flarum/vendor/laminas/laminas-stratigility/src/Next.php(52): Flarum\Api\Middleware\FakeHttpMethods->process()
#28 /var/www/flarum/vendor/flarum/core/src/Http/Middleware/ParseJsonBody.php(28): Laminas\Stratigility\Next->handle()
#29 /var/www/flarum/vendor/laminas/laminas-stratigility/src/Next.php(52): Flarum\Http\Middleware\ParseJsonBody->process()
#30 /var/www/flarum/vendor/flarum/core/src/Http/Middleware/HandleErrors.php(57): Laminas\Stratigility\Next->handle()
#31 /var/www/flarum/vendor/laminas/laminas-stratigility/src/Next.php(52): Flarum\Http\Middleware\HandleErrors->process()
#32 /var/www/flarum/vendor/flarum/core/src/Http/Middleware/InjectActorReference.php(25): Laminas\Stratigility\Next->handle()
#33 /var/www/flarum/vendor/laminas/laminas-stratigility/src/Next.php(52): Flarum\Http\Middleware\InjectActorReference->process()
#34 /var/www/flarum/vendor/laminas/laminas-stratigility/src/MiddlewarePipe.php(81): Laminas\Stratigility\Next->handle()
#35 /var/www/flarum/vendor/middlewares/request-handler/src/RequestHandler.php(84): Laminas\Stratigility\MiddlewarePipe->process()
#36 /var/www/flarum/vendor/laminas/laminas-stratigility/src/Next.php(52): Middlewares\RequestHandler->process()
#37 /var/www/flarum/vendor/middlewares/base-path-router/src/BasePathRouter.php(99): Laminas\Stratigility\Next->handle()
#38 /var/www/flarum/vendor/laminas/laminas-stratigility/src/Next.php(52): Middlewares\BasePathRouter->process()
#39 /var/www/flarum/vendor/laminas/laminas-stratigility/src/Middleware/OriginalMessages.php(36): Laminas\Stratigility\Next->handle()
#40 /var/www/flarum/vendor/laminas/laminas-stratigility/src/Next.php(52): Laminas\Stratigility\Middleware\OriginalMessages->process()
#41 /var/www/flarum/vendor/middlewares/base-path/src/BasePath.php(73): Laminas\Stratigility\Next->handle()
#42 /var/www/flarum/vendor/laminas/laminas-stratigility/src/Next.php(52): Middlewares\BasePath->process()
#43 /var/www/flarum/vendor/flarum/core/src/Http/Middleware/ProcessIp.php(24): Laminas\Stratigility\Next->handle()
#44 /var/www/flarum/vendor/laminas/laminas-stratigility/src/Next.php(52): Flarum\Http\Middleware\ProcessIp->process()
#45 /var/www/flarum/vendor/laminas/laminas-stratigility/src/MiddlewarePipe.php(81): Laminas\Stratigility\Next->handle()
#46 /var/www/flarum/vendor/laminas/laminas-stratigility/src/MiddlewarePipe.php(70): Laminas\Stratigility\MiddlewarePipe->process()
#47 /var/www/flarum/vendor/laminas/laminas-httphandlerrunner/src/RequestHandlerRunner.php(73): Laminas\Stratigility\MiddlewarePipe->handle()
#48 /var/www/flarum/vendor/flarum/core/src/Http/Server.php(45): Laminas\HttpHandlerRunner\RequestHandlerRunner->run()
#49 /var/www/flarum/public/index.php(26): Flarum\Http\Server->listen()
#50 {main}  
[2024-12-18 04:35:05] flarum.ERROR: Swift_TransportException: Failed to authenticate on SMTP server with username "sna@nova-austral.cl" using 3 possible authenticators. Authenticator CRAM-MD5 returned Expected response code 235 but got code "535", with message "535 5.7.8 Error: authentication failed: PDEzODY2MTQyMTAyNTU2NjkuMTczNDQ5NjQ5MkBhc210cC51bm9ldXJvLmNvbT4= - For help see https://simply.com/support/?s=smtp.simply.com
". Authenticator LOGIN returned Expected response code 235 but got code "535", with message "535 5.7.8 Error: authentication failed: UGFzc3dvcmQ6 - For help see https://simply.com/support/?s=smtp.simply.com
". Authenticator PLAIN returned Expected response code 250 but got code "421", with message "421 4.7.0 smtp.simply.com Error: too many errors - For help see https://simply.com/support/?s=smtp.simply.com
". in /var/www/flarum/vendor/swiftmailer/swiftmailer/lib/classes/Swift/Transport/Esmtp/AuthHandler.php:191
Stack trace:
#0 /var/www/flarum/vendor/swiftmailer/swiftmailer/lib/classes/Swift/Transport/EsmtpTransport.php(371): Swift_Transport_Esmtp_AuthHandler->afterEhlo()
#1 /var/www/flarum/vendor/swiftmailer/swiftmailer/lib/classes/Swift/Transport/AbstractSmtpTransport.php(148): Swift_Transport_EsmtpTransport->doHeloCommand()
#2 /var/www/flarum/vendor/swiftmailer/swiftmailer/lib/classes/Swift/Mailer.php(65): Swift_Transport_AbstractSmtpTransport->start()
#3 /var/www/flarum/vendor/illuminate/mail/Mailer.php(521): Swift_Mailer->send()
#4 /var/www/flarum/vendor/illuminate/mail/Mailer.php(288): Illuminate\Mail\Mailer->sendSwiftMessage()
#5 /var/www/flarum/vendor/illuminate/mail/Mailer.php(212): Illuminate\Mail\Mailer->send()
#6 /var/www/flarum/vendor/flarum/core/src/Api/Controller/SendTestMailController.php(40): Illuminate\Mail\Mailer->raw()
#7 /var/www/flarum/vendor/flarum/core/src/Http/RouteHandlerFactory.php(41): Flarum\Api\Controller\SendTestMailController->handle()
#8 /var/www/flarum/vendor/flarum/core/src/Http/Middleware/ExecuteRoute.php(27): Flarum\Http\RouteHandlerFactory->Flarum\Http\{closure}()
#9 /var/www/flarum/vendor/laminas/laminas-stratigility/src/Next.php(52): Flarum\Http\Middleware\ExecuteRoute->process()
#10 /var/www/flarum/vendor/flarum/core/src/Api/Middleware/ThrottleApi.php(33): Laminas\Stratigility\Next->handle()
#11 /var/www/flarum/vendor/laminas/laminas-stratigility/src/Next.php(52): Flarum\Api\Middleware\ThrottleApi->process()
#12 /var/www/flarum/vendor/flarum/core/src/Http/Middleware/CheckCsrfToken.php(44): Laminas\Stratigility\Next->handle()
#13 /var/www/flarum/vendor/laminas/laminas-stratigility/src/Next.php(52): Flarum\Http\Middleware\CheckCsrfToken->process()
#14 /var/www/flarum/vendor/flarum/core/src/Http/Middleware/ResolveRoute.php(69): Laminas\Stratigility\Next->handle()
#15 /var/www/flarum/vendor/laminas/laminas-stratigility/src/Next.php(52): Flarum\Http\Middleware\ResolveRoute->process()
#16 /var/www/flarum/vendor/flarum/core/src/Http/Middleware/SetLocale.php(51): Laminas\Stratigility\Next->handle()
#17 /var/www/flarum/vendor/laminas/laminas-stratigility/src/Next.php(52): Flarum\Http\Middleware\SetLocale->process()
#18 /var/www/flarum/vendor/flarum/core/src/Http/Middleware/AuthenticateWithHeader.php(58): Laminas\Stratigility\Next->handle()
#19 /var/www/flarum/vendor/laminas/laminas-stratigility/src/Next.php(52): Flarum\Http\Middleware\AuthenticateWithHeader->process()
#20 /var/www/flarum/vendor/flarum/core/src/Http/Middleware/AuthenticateWithSession.php(31): Laminas\Stratigility\Next->handle()
#21 /var/www/flarum/vendor/laminas/laminas-stratigility/src/Next.php(52): Flarum\Http\Middleware\AuthenticateWithSession->process()
#22 /var/www/flarum/vendor/flarum/core/src/Http/Middleware/RememberFromCookie.php(52): Laminas\Stratigility\Next->handle()
#23 /var/www/flarum/vendor/laminas/laminas-stratigility/src/Next.php(52): Flarum\Http\Middleware\RememberFromCookie->process()
#24 /var/www/flarum/vendor/flarum/core/src/Http/Middleware/StartSession.php(61): Laminas\Stratigility\Next->handle()
#25 /var/www/flarum/vendor/laminas/laminas-stratigility/src/Next.php(52): Flarum\Http\Middleware\StartSession->process()
#26 /var/www/flarum/vendor/flarum/core/src/Api/Middleware/FakeHttpMethods.php(29): Laminas\Stratigility\Next->handle()
#27 /var/www/flarum/vendor/laminas/laminas-stratigility/src/Next.php(52): Flarum\Api\Middleware\FakeHttpMethods->process()
#28 /var/www/flarum/vendor/flarum/core/src/Http/Middleware/ParseJsonBody.php(28): Laminas\Stratigility\Next->handle()
#29 /var/www/flarum/vendor/laminas/laminas-stratigility/src/Next.php(52): Flarum\Http\Middleware\ParseJsonBody->process()
#30 /var/www/flarum/vendor/flarum/core/src/Http/Middleware/HandleErrors.php(57): Laminas\Stratigility\Next->handle()
#31 /var/www/flarum/vendor/laminas/laminas-stratigility/src/Next.php(52): Flarum\Http\Middleware\HandleErrors->process()
#32 /var/www/flarum/vendor/flarum/core/src/Http/Middleware/InjectActorReference.php(25): Laminas\Stratigility\Next->handle()
#33 /var/www/flarum/vendor/laminas/laminas-stratigility/src/Next.php(52): Flarum\Http\Middleware\InjectActorReference->process()
#34 /var/www/flarum/vendor/laminas/laminas-stratigility/src/MiddlewarePipe.php(81): Laminas\Stratigility\Next->handle()
#35 /var/www/flarum/vendor/middlewares/request-handler/src/RequestHandler.php(84): Laminas\Stratigility\MiddlewarePipe->process()
#36 /var/www/flarum/vendor/laminas/laminas-stratigility/src/Next.php(52): Middlewares\RequestHandler->process()
#37 /var/www/flarum/vendor/middlewares/base-path-router/src/BasePathRouter.php(99): Laminas\Stratigility\Next->handle()
#38 /var/www/flarum/vendor/laminas/laminas-stratigility/src/Next.php(52): Middlewares\BasePathRouter->process()
#39 /var/www/flarum/vendor/laminas/laminas-stratigility/src/Middleware/OriginalMessages.php(36): Laminas\Stratigility\Next->handle()
#40 /var/www/flarum/vendor/laminas/laminas-stratigility/src/Next.php(52): Laminas\Stratigility\Middleware\OriginalMessages->process()
#41 /var/www/flarum/vendor/middlewares/base-path/src/BasePath.php(73): Laminas\Stratigility\Next->handle()
#42 /var/www/flarum/vendor/laminas/laminas-stratigility/src/Next.php(52): Middlewares\BasePath->process()
#43 /var/www/flarum/vendor/flarum/core/src/Http/Middleware/ProcessIp.php(24): Laminas\Stratigility\Next->handle()
#44 /var/www/flarum/vendor/laminas/laminas-stratigility/src/Next.php(52): Flarum\Http\Middleware\ProcessIp->process()
#45 /var/www/flarum/vendor/laminas/laminas-stratigility/src/MiddlewarePipe.php(81): Laminas\Stratigility\Next->handle()
#46 /var/www/flarum/vendor/laminas/laminas-stratigility/src/MiddlewarePipe.php(70): Laminas\Stratigility\MiddlewarePipe->process()
#47 /var/www/flarum/vendor/laminas/laminas-httphandlerrunner/src/RequestHandlerRunner.php(73): Laminas\Stratigility\MiddlewarePipe->handle()
#48 /var/www/flarum/vendor/flarum/core/src/Http/Server.php(45): Laminas\HttpHandlerRunner\RequestHandlerRunner->run()
#49 /var/www/flarum/public/index.php(26): Flarum\Http\Server->listen()
#50 {main}  
[2024-12-18 05:08:36] flarum.ERROR: Swift_TransportException: Failed to authenticate on SMTP server with username "sna@nova-austral.cl" using 3 possible authenticators. Authenticator CRAM-MD5 returned Expected response code 235 but got code "535", with message "535 5.7.8 Error: authentication failed: PDI5MDEwODI2Njc1MTIzNDkuMTczNDQ5ODUwM0Bhc210cC51bm9ldXJvLmNvbT4= - For help see https://simply.com/support/?s=smtp.simply.com
". Authenticator LOGIN returned Expected response code 235 but got code "535", with message "535 5.7.8 Error: authentication failed: UGFzc3dvcmQ6 - For help see https://simply.com/support/?s=smtp.simply.com
". Authenticator PLAIN returned Expected response code 250 but got code "421", with message "421 4.7.0 smtp.simply.com Error: too many errors - For help see https://simply.com/support/?s=smtp.simply.com
". in /var/www/flarum/vendor/swiftmailer/swiftmailer/lib/classes/Swift/Transport/Esmtp/AuthHandler.php:191
Stack trace:
#0 /var/www/flarum/vendor/swiftmailer/swiftmailer/lib/classes/Swift/Transport/EsmtpTransport.php(371): Swift_Transport_Esmtp_AuthHandler->afterEhlo()
#1 /var/www/flarum/vendor/swiftmailer/swiftmailer/lib/classes/Swift/Transport/AbstractSmtpTransport.php(148): Swift_Transport_EsmtpTransport->doHeloCommand()
#2 /var/www/flarum/vendor/swiftmailer/swiftmailer/lib/classes/Swift/Mailer.php(65): Swift_Transport_AbstractSmtpTransport->start()
#3 /var/www/flarum/vendor/illuminate/mail/Mailer.php(521): Swift_Mailer->send()
#4 /var/www/flarum/vendor/illuminate/mail/Mailer.php(288): Illuminate\Mail\Mailer->sendSwiftMessage()
#5 /var/www/flarum/vendor/illuminate/mail/Mailer.php(212): Illuminate\Mail\Mailer->send()
#6 /var/www/flarum/vendor/flarum/core/src/Api/Controller/SendTestMailController.php(40): Illuminate\Mail\Mailer->raw()
#7 /var/www/flarum/vendor/flarum/core/src/Http/RouteHandlerFactory.php(41): Flarum\Api\Controller\SendTestMailController->handle()
#8 /var/www/flarum/vendor/flarum/core/src/Http/Middleware/ExecuteRoute.php(27): Flarum\Http\RouteHandlerFactory->Flarum\Http\{closure}()
#9 /var/www/flarum/vendor/laminas/laminas-stratigility/src/Next.php(52): Flarum\Http\Middleware\ExecuteRoute->process()
#10 /var/www/flarum/vendor/flarum/core/src/Api/Middleware/ThrottleApi.php(33): Laminas\Stratigility\Next->handle()
#11 /var/www/flarum/vendor/laminas/laminas-stratigility/src/Next.php(52): Flarum\Api\Middleware\ThrottleApi->process()
#12 /var/www/flarum/vendor/flarum/core/src/Http/Middleware/CheckCsrfToken.php(44): Laminas\Stratigility\Next->handle()
#13 /var/www/flarum/vendor/laminas/laminas-stratigility/src/Next.php(52): Flarum\Http\Middleware\CheckCsrfToken->process()
#14 /var/www/flarum/vendor/flarum/core/src/Http/Middleware/ResolveRoute.php(69): Laminas\Stratigility\Next->handle()
#15 /var/www/flarum/vendor/laminas/laminas-stratigility/src/Next.php(52): Flarum\Http\Middleware\ResolveRoute->process()
#16 /var/www/flarum/vendor/flarum/core/src/Http/Middleware/SetLocale.php(51): Laminas\Stratigility\Next->handle()
#17 /var/www/flarum/vendor/laminas/laminas-stratigility/src/Next.php(52): Flarum\Http\Middleware\SetLocale->process()
#18 /var/www/flarum/vendor/flarum/core/src/Http/Middleware/AuthenticateWithHeader.php(58): Laminas\Stratigility\Next->handle()
#19 /var/www/flarum/vendor/laminas/laminas-stratigility/src/Next.php(52): Flarum\Http\Middleware\AuthenticateWithHeader->process()
#20 /var/www/flarum/vendor/flarum/core/src/Http/Middleware/AuthenticateWithSession.php(31): Laminas\Stratigility\Next->handle()
#21 /var/www/flarum/vendor/laminas/laminas-stratigility/src/Next.php(52): Flarum\Http\Middleware\AuthenticateWithSession->process()
#22 /var/www/flarum/vendor/flarum/core/src/Http/Middleware/RememberFromCookie.php(52): Laminas\Stratigility\Next->handle()
#23 /var/www/flarum/vendor/laminas/laminas-stratigility/src/Next.php(52): Flarum\Http\Middleware\RememberFromCookie->process()
#24 /var/www/flarum/vendor/flarum/core/src/Http/Middleware/StartSession.php(61): Laminas\Stratigility\Next->handle()
#25 /var/www/flarum/vendor/laminas/laminas-stratigility/src/Next.php(52): Flarum\Http\Middleware\StartSession->process()
#26 /var/www/flarum/vendor/flarum/core/src/Api/Middleware/FakeHttpMethods.php(29): Laminas\Stratigility\Next->handle()
#27 /var/www/flarum/vendor/laminas/laminas-stratigility/src/Next.php(52): Flarum\Api\Middleware\FakeHttpMethods->process()
#28 /var/www/flarum/vendor/flarum/core/src/Http/Middleware/ParseJsonBody.php(28): Laminas\Stratigility\Next->handle()
#29 /var/www/flarum/vendor/laminas/laminas-stratigility/src/Next.php(52): Flarum\Http\Middleware\ParseJsonBody->process()
#30 /var/www/flarum/vendor/flarum/core/src/Http/Middleware/HandleErrors.php(57): Laminas\Stratigility\Next->handle()
#31 /var/www/flarum/vendor/laminas/laminas-stratigility/src/Next.php(52): Flarum\Http\Middleware\HandleErrors->process()
#32 /var/www/flarum/vendor/flarum/core/src/Http/Middleware/InjectActorReference.php(25): Laminas\Stratigility\Next->handle()
#33 /var/www/flarum/vendor/laminas/laminas-stratigility/src/Next.php(52): Flarum\Http\Middleware\InjectActorReference->process()
#34 /var/www/flarum/vendor/laminas/laminas-stratigility/src/MiddlewarePipe.php(81): Laminas\Stratigility\Next->handle()
#35 /var/www/flarum/vendor/middlewares/request-handler/src/RequestHandler.php(84): Laminas\Stratigility\MiddlewarePipe->process()
#36 /var/www/flarum/vendor/laminas/laminas-stratigility/src/Next.php(52): Middlewares\RequestHandler->process()
#37 /var/www/flarum/vendor/middlewares/base-path-router/src/BasePathRouter.php(99): Laminas\Stratigility\Next->handle()
#38 /var/www/flarum/vendor/laminas/laminas-stratigility/src/Next.php(52): Middlewares\BasePathRouter->process()
#39 /var/www/flarum/vendor/laminas/laminas-stratigility/src/Middleware/OriginalMessages.php(36): Laminas\Stratigility\Next->handle()
#40 /var/www/flarum/vendor/laminas/laminas-stratigility/src/Next.php(52): Laminas\Stratigility\Middleware\OriginalMessages->process()
#41 /var/www/flarum/vendor/middlewares/base-path/src/BasePath.php(73): Laminas\Stratigility\Next->handle()
#42 /var/www/flarum/vendor/laminas/laminas-stratigility/src/Next.php(52): Middlewares\BasePath->process()
#43 /var/www/flarum/vendor/flarum/core/src/Http/Middleware/ProcessIp.php(24): Laminas\Stratigility\Next->handle()
#44 /var/www/flarum/vendor/laminas/laminas-stratigility/src/Next.php(52): Flarum\Http\Middleware\ProcessIp->process()
#45 /var/www/flarum/vendor/laminas/laminas-stratigility/src/MiddlewarePipe.php(81): Laminas\Stratigility\Next->handle()
#46 /var/www/flarum/vendor/laminas/laminas-stratigility/src/MiddlewarePipe.php(70): Laminas\Stratigility\MiddlewarePipe->process()
#47 /var/www/flarum/vendor/laminas/laminas-httphandlerrunner/src/RequestHandlerRunner.php(73): Laminas\Stratigility\MiddlewarePipe->handle()
#48 /var/www/flarum/vendor/flarum/core/src/Http/Server.php(45): Laminas\HttpHandlerRunner\RequestHandlerRunner->run()
#49 /var/www/flarum/public/index.php(26): Flarum\Http\Server->listen()
#50 {main}  
[2024-12-18 06:08:44] flarum.ERROR: Symfony\Component\Console\Exception\NamespaceNotFoundException: There are no commands defined in the "clear" namespace. in /var/www/flarum/vendor/symfony/console/Application.php:650
Stack trace:
#0 /var/www/flarum/vendor/symfony/console/Application.php(701): Symfony\Component\Console\Application->findNamespace()
#1 /var/www/flarum/vendor/symfony/console/Application.php(259): Symfony\Component\Console\Application->find()
#2 /var/www/flarum/vendor/symfony/console/Application.php(171): Symfony\Component\Console\Application->doRun()
#3 /var/www/flarum/vendor/flarum/core/src/Console/Server.php(42): Symfony\Component\Console\Application->run()
#4 /var/www/flarum/flarum(24): Flarum\Console\Server->listen()
#5 {main}  
