[2024-12-23 02:57:05] flarum.ERROR: PDOException: SQLSTATE[HY000] [2002] No such file or directory in /var/www/flarum/vendor/doctrine/dbal/lib/Doctrine/DBAL/Driver/PDOConnection.php:40
Stack trace:
#0 /var/www/flarum/vendor/doctrine/dbal/lib/Doctrine/DBAL/Driver/PDOConnection.php(40): PDO->__construct()
#1 /var/www/flarum/vendor/illuminate/database/Connectors/Connector.php(67): Doctrine\DBAL\Driver\PDOConnection->__construct()
#2 /var/www/flarum/vendor/illuminate/database/Connectors/Connector.php(45): Illuminate\Database\Connectors\Connector->createPdoConnection()
#3 /var/www/flarum/vendor/illuminate/database/Connectors/MySqlConnector.php(24): Illuminate\Database\Connectors\Connector->createConnection()
#4 /var/www/flarum/vendor/illuminate/database/Connectors/ConnectionFactory.php(184): Illuminate\Database\Connectors\MySqlConnector->connect()
#5 [internal function]: Illuminate\Database\Connectors\ConnectionFactory->Illuminate\Database\Connectors\{closure}()
#6 /var/www/flarum/vendor/illuminate/database/Connection.php(1064): call_user_func()
#7 /var/www/flarum/vendor/illuminate/database/Connection.php(1014): Illuminate\Database\Connection->getPdo()
#8 /var/www/flarum/vendor/illuminate/database/Connection.php(994): Illuminate\Database\Connection->getDoctrineConnection()
#9 /var/www/flarum/vendor/flarum/core/src/Database/Migrator.php(69): Illuminate\Database\Connection->getDoctrineSchemaManager()
#10 [internal function]: Flarum\Database\Migrator->__construct()
#11 /var/www/flarum/vendor/illuminate/container/Container.php(917): ReflectionClass->newInstanceArgs()
#12 /var/www/flarum/vendor/illuminate/container/Container.php(758): Illuminate\Container\Container->build()
#13 /var/www/flarum/vendor/illuminate/container/Container.php(694): Illuminate\Container\Container->resolve()
#14 /var/www/flarum/vendor/illuminate/container/Container.php(1027): Illuminate\Container\Container->make()
#15 /var/www/flarum/vendor/illuminate/container/Container.php(947): Illuminate\Container\Container->resolveClass()
#16 /var/www/flarum/vendor/illuminate/container/Container.php(908): Illuminate\Container\Container->resolveDependencies()
#17 /var/www/flarum/vendor/illuminate/container/Container.php(292): Illuminate\Container\Container->build()
#18 /var/www/flarum/vendor/illuminate/container/Container.php(873): Illuminate\Container\Container->Illuminate\Container\{closure}()
#19 /var/www/flarum/vendor/illuminate/container/Container.php(758): Illuminate\Container\Container->build()
#20 /var/www/flarum/vendor/illuminate/container/Container.php(694): Illuminate\Container\Container->resolve()
#21 /var/www/flarum/vendor/flarum/core/src/Extension/ExtensionServiceProvider.php(31): Illuminate\Container\Container->make()
#22 [internal function]: Flarum\Extension\ExtensionServiceProvider->Flarum\Extension\{closure}()
#23 /var/www/flarum/vendor/flarum/core/src/Foundation/Application.php(329): call_user_func()
#24 /var/www/flarum/vendor/flarum/core/src/Foundation/Application.php(270): Flarum\Foundation\Application->fireAppCallbacks()
#25 /var/www/flarum/vendor/flarum/core/src/Foundation/InstalledSite.php(151): Flarum\Foundation\Application->boot()
#26 /var/www/flarum/vendor/flarum/core/src/Foundation/InstalledSite.php(82): Flarum\Foundation\InstalledSite->bootLaravel()
#27 /var/www/flarum/vendor/flarum/core/src/Http/Server.php(59): Flarum\Foundation\InstalledSite->bootApp()
#28 /var/www/flarum/vendor/flarum/core/src/Http/Server.php(36): Flarum\Http\Server->safelyBootAndGetHandler()
#29 /var/www/flarum/public/index.php(26): Flarum\Http\Server->listen()
#30 {main}

Next Doctrine\DBAL\Driver\PDO\Exception: SQLSTATE[HY000] [2002] No such file or directory in /var/www/flarum/vendor/doctrine/dbal/lib/Doctrine/DBAL/Driver/PDO/Exception.php:18
Stack trace:
#0 /var/www/flarum/vendor/doctrine/dbal/lib/Doctrine/DBAL/Driver/PDOConnection.php(44): Doctrine\DBAL\Driver\PDO\Exception::new()
#1 /var/www/flarum/vendor/illuminate/database/Connectors/Connector.php(67): Doctrine\DBAL\Driver\PDOConnection->__construct()
#2 /var/www/flarum/vendor/illuminate/database/Connectors/Connector.php(45): Illuminate\Database\Connectors\Connector->createPdoConnection()
#3 /var/www/flarum/vendor/illuminate/database/Connectors/MySqlConnector.php(24): Illuminate\Database\Connectors\Connector->createConnection()
#4 /var/www/flarum/vendor/illuminate/database/Connectors/ConnectionFactory.php(184): Illuminate\Database\Connectors\MySqlConnector->connect()
#5 [internal function]: Illuminate\Database\Connectors\ConnectionFactory->Illuminate\Database\Connectors\{closure}()
#6 /var/www/flarum/vendor/illuminate/database/Connection.php(1064): call_user_func()
#7 /var/www/flarum/vendor/illuminate/database/Connection.php(1014): Illuminate\Database\Connection->getPdo()
#8 /var/www/flarum/vendor/illuminate/database/Connection.php(994): Illuminate\Database\Connection->getDoctrineConnection()
#9 /var/www/flarum/vendor/flarum/core/src/Database/Migrator.php(69): Illuminate\Database\Connection->getDoctrineSchemaManager()
#10 [internal function]: Flarum\Database\Migrator->__construct()
#11 /var/www/flarum/vendor/illuminate/container/Container.php(917): ReflectionClass->newInstanceArgs()
#12 /var/www/flarum/vendor/illuminate/container/Container.php(758): Illuminate\Container\Container->build()
#13 /var/www/flarum/vendor/illuminate/container/Container.php(694): Illuminate\Container\Container->resolve()
#14 /var/www/flarum/vendor/illuminate/container/Container.php(1027): Illuminate\Container\Container->make()
#15 /var/www/flarum/vendor/illuminate/container/Container.php(947): Illuminate\Container\Container->resolveClass()
#16 /var/www/flarum/vendor/illuminate/container/Container.php(908): Illuminate\Container\Container->resolveDependencies()
#17 /var/www/flarum/vendor/illuminate/container/Container.php(292): Illuminate\Container\Container->build()
#18 /var/www/flarum/vendor/illuminate/container/Container.php(873): Illuminate\Container\Container->Illuminate\Container\{closure}()
#19 /var/www/flarum/vendor/illuminate/container/Container.php(758): Illuminate\Container\Container->build()
#20 /var/www/flarum/vendor/illuminate/container/Container.php(694): Illuminate\Container\Container->resolve()
#21 /var/www/flarum/vendor/flarum/core/src/Extension/ExtensionServiceProvider.php(31): Illuminate\Container\Container->make()
#22 [internal function]: Flarum\Extension\ExtensionServiceProvider->Flarum\Extension\{closure}()
#23 /var/www/flarum/vendor/flarum/core/src/Foundation/Application.php(329): call_user_func()
#24 /var/www/flarum/vendor/flarum/core/src/Foundation/Application.php(270): Flarum\Foundation\Application->fireAppCallbacks()
#25 /var/www/flarum/vendor/flarum/core/src/Foundation/InstalledSite.php(151): Flarum\Foundation\Application->boot()
#26 /var/www/flarum/vendor/flarum/core/src/Foundation/InstalledSite.php(82): Flarum\Foundation\InstalledSite->bootLaravel()
#27 /var/www/flarum/vendor/flarum/core/src/Http/Server.php(59): Flarum\Foundation\InstalledSite->bootApp()
#28 /var/www/flarum/vendor/flarum/core/src/Http/Server.php(36): Flarum\Http\Server->safelyBootAndGetHandler()
#29 /var/www/flarum/public/index.php(26): Flarum\Http\Server->listen()
#30 {main}  
[2024-12-23 03:39:30] flarum.ERROR: PDOException: SQLSTATE[HY000] [2002] No such file or directory in /var/www/flarum/vendor/doctrine/dbal/lib/Doctrine/DBAL/Driver/PDOConnection.php:40
Stack trace:
#0 /var/www/flarum/vendor/doctrine/dbal/lib/Doctrine/DBAL/Driver/PDOConnection.php(40): PDO->__construct()
#1 /var/www/flarum/vendor/illuminate/database/Connectors/Connector.php(67): Doctrine\DBAL\Driver\PDOConnection->__construct()
#2 /var/www/flarum/vendor/illuminate/database/Connectors/Connector.php(45): Illuminate\Database\Connectors\Connector->createPdoConnection()
#3 /var/www/flarum/vendor/illuminate/database/Connectors/MySqlConnector.php(24): Illuminate\Database\Connectors\Connector->createConnection()
#4 /var/www/flarum/vendor/illuminate/database/Connectors/ConnectionFactory.php(184): Illuminate\Database\Connectors\MySqlConnector->connect()
#5 [internal function]: Illuminate\Database\Connectors\ConnectionFactory->Illuminate\Database\Connectors\{closure}()
#6 /var/www/flarum/vendor/illuminate/database/Connection.php(1064): call_user_func()
#7 /var/www/flarum/vendor/illuminate/database/Connection.php(1014): Illuminate\Database\Connection->getPdo()
#8 /var/www/flarum/vendor/illuminate/database/Connection.php(994): Illuminate\Database\Connection->getDoctrineConnection()
#9 /var/www/flarum/vendor/flarum/core/src/Database/Migrator.php(69): Illuminate\Database\Connection->getDoctrineSchemaManager()
#10 [internal function]: Flarum\Database\Migrator->__construct()
#11 /var/www/flarum/vendor/illuminate/container/Container.php(917): ReflectionClass->newInstanceArgs()
#12 /var/www/flarum/vendor/illuminate/container/Container.php(758): Illuminate\Container\Container->build()
#13 /var/www/flarum/vendor/illuminate/container/Container.php(694): Illuminate\Container\Container->resolve()
#14 /var/www/flarum/vendor/illuminate/container/Container.php(1027): Illuminate\Container\Container->make()
#15 /var/www/flarum/vendor/illuminate/container/Container.php(947): Illuminate\Container\Container->resolveClass()
#16 /var/www/flarum/vendor/illuminate/container/Container.php(908): Illuminate\Container\Container->resolveDependencies()
#17 /var/www/flarum/vendor/illuminate/container/Container.php(292): Illuminate\Container\Container->build()
#18 /var/www/flarum/vendor/illuminate/container/Container.php(873): Illuminate\Container\Container->Illuminate\Container\{closure}()
#19 /var/www/flarum/vendor/illuminate/container/Container.php(758): Illuminate\Container\Container->build()
#20 /var/www/flarum/vendor/illuminate/container/Container.php(694): Illuminate\Container\Container->resolve()
#21 /var/www/flarum/vendor/flarum/core/src/Extension/ExtensionServiceProvider.php(31): Illuminate\Container\Container->make()
#22 [internal function]: Flarum\Extension\ExtensionServiceProvider->Flarum\Extension\{closure}()
#23 /var/www/flarum/vendor/flarum/core/src/Foundation/Application.php(329): call_user_func()
#24 /var/www/flarum/vendor/flarum/core/src/Foundation/Application.php(270): Flarum\Foundation\Application->fireAppCallbacks()
#25 /var/www/flarum/vendor/flarum/core/src/Foundation/InstalledSite.php(151): Flarum\Foundation\Application->boot()
#26 /var/www/flarum/vendor/flarum/core/src/Foundation/InstalledSite.php(82): Flarum\Foundation\InstalledSite->bootLaravel()
#27 /var/www/flarum/vendor/flarum/core/src/Http/Server.php(59): Flarum\Foundation\InstalledSite->bootApp()
#28 /var/www/flarum/vendor/flarum/core/src/Http/Server.php(36): Flarum\Http\Server->safelyBootAndGetHandler()
#29 /var/www/flarum/public/index.php(26): Flarum\Http\Server->listen()
#30 {main}

Next Doctrine\DBAL\Driver\PDO\Exception: SQLSTATE[HY000] [2002] No such file or directory in /var/www/flarum/vendor/doctrine/dbal/lib/Doctrine/DBAL/Driver/PDO/Exception.php:18
Stack trace:
#0 /var/www/flarum/vendor/doctrine/dbal/lib/Doctrine/DBAL/Driver/PDOConnection.php(44): Doctrine\DBAL\Driver\PDO\Exception::new()
#1 /var/www/flarum/vendor/illuminate/database/Connectors/Connector.php(67): Doctrine\DBAL\Driver\PDOConnection->__construct()
#2 /var/www/flarum/vendor/illuminate/database/Connectors/Connector.php(45): Illuminate\Database\Connectors\Connector->createPdoConnection()
#3 /var/www/flarum/vendor/illuminate/database/Connectors/MySqlConnector.php(24): Illuminate\Database\Connectors\Connector->createConnection()
#4 /var/www/flarum/vendor/illuminate/database/Connectors/ConnectionFactory.php(184): Illuminate\Database\Connectors\MySqlConnector->connect()
#5 [internal function]: Illuminate\Database\Connectors\ConnectionFactory->Illuminate\Database\Connectors\{closure}()
#6 /var/www/flarum/vendor/illuminate/database/Connection.php(1064): call_user_func()
#7 /var/www/flarum/vendor/illuminate/database/Connection.php(1014): Illuminate\Database\Connection->getPdo()
#8 /var/www/flarum/vendor/illuminate/database/Connection.php(994): Illuminate\Database\Connection->getDoctrineConnection()
#9 /var/www/flarum/vendor/flarum/core/src/Database/Migrator.php(69): Illuminate\Database\Connection->getDoctrineSchemaManager()
#10 [internal function]: Flarum\Database\Migrator->__construct()
#11 /var/www/flarum/vendor/illuminate/container/Container.php(917): ReflectionClass->newInstanceArgs()
#12 /var/www/flarum/vendor/illuminate/container/Container.php(758): Illuminate\Container\Container->build()
#13 /var/www/flarum/vendor/illuminate/container/Container.php(694): Illuminate\Container\Container->resolve()
#14 /var/www/flarum/vendor/illuminate/container/Container.php(1027): Illuminate\Container\Container->make()
#15 /var/www/flarum/vendor/illuminate/container/Container.php(947): Illuminate\Container\Container->resolveClass()
#16 /var/www/flarum/vendor/illuminate/container/Container.php(908): Illuminate\Container\Container->resolveDependencies()
#17 /var/www/flarum/vendor/illuminate/container/Container.php(292): Illuminate\Container\Container->build()
#18 /var/www/flarum/vendor/illuminate/container/Container.php(873): Illuminate\Container\Container->Illuminate\Container\{closure}()
#19 /var/www/flarum/vendor/illuminate/container/Container.php(758): Illuminate\Container\Container->build()
#20 /var/www/flarum/vendor/illuminate/container/Container.php(694): Illuminate\Container\Container->resolve()
#21 /var/www/flarum/vendor/flarum/core/src/Extension/ExtensionServiceProvider.php(31): Illuminate\Container\Container->make()
#22 [internal function]: Flarum\Extension\ExtensionServiceProvider->Flarum\Extension\{closure}()
#23 /var/www/flarum/vendor/flarum/core/src/Foundation/Application.php(329): call_user_func()
#24 /var/www/flarum/vendor/flarum/core/src/Foundation/Application.php(270): Flarum\Foundation\Application->fireAppCallbacks()
#25 /var/www/flarum/vendor/flarum/core/src/Foundation/InstalledSite.php(151): Flarum\Foundation\Application->boot()
#26 /var/www/flarum/vendor/flarum/core/src/Foundation/InstalledSite.php(82): Flarum\Foundation\InstalledSite->bootLaravel()
#27 /var/www/flarum/vendor/flarum/core/src/Http/Server.php(59): Flarum\Foundation\InstalledSite->bootApp()
#28 /var/www/flarum/vendor/flarum/core/src/Http/Server.php(36): Flarum\Http\Server->safelyBootAndGetHandler()
#29 /var/www/flarum/public/index.php(26): Flarum\Http\Server->listen()
#30 {main}  
